<?xml version="1.0" encoding="utf-8"?><testsuites name="pytest tests"><testsuite name="pytest" errors="0" failures="0" skipped="0" tests="18" time="35.662" timestamp="2026-03-08T15:17:31.129436+00:00" hostname="agent-env-c6be1554-c9c6-4a90-b9f1-50cf8e98d4ac"><testcase classname="tests.test_nassaq_api.TestHealthCheck" name="test_api_root" time="0.254" /><testcase classname="tests.test_nassaq_api.TestAuthentication" name="test_login_success" time="0.367" /><testcase classname="tests.test_nassaq_api.TestAuthentication" name="test_login_invalid_credentials" time="0.117" /><testcase classname="tests.test_nassaq_api.TestAuthentication" name="test_login_missing_fields" time="0.121" /><testcase classname="tests.test_nassaq_api.TestAuthentication" name="test_get_current_user" time="0.442" /><testcase classname="tests.test_nassaq_api.TestAuthentication" name="test_get_current_user_invalid_token" time="0.111" /><testcase classname="tests.test_nassaq_api.TestRegistrationRequests" name="test_create_school_registration_request" time="0.100" /><testcase classname="tests.test_nassaq_api.TestRegistrationRequests" name="test_create_teacher_registration_request" time="0.111" /><testcase classname="tests.test_nassaq_api.TestRegistrationRequests" name="test_get_registration_requests_admin" time="0.466" /><testcase classname="tests.test_nassaq_api.TestRegistrationRequests" name="test_get_registration_requests_unauthorized" time="0.102" /><testcase classname="tests.test_nassaq_api.TestDashboardStats" name="test_get_dashboard_stats" time="0.435" /><testcase classname="tests.test_nassaq_api.TestDashboardStats" name="test_get_dashboard_stats_unauthorized" time="0.118" /><testcase classname="tests.test_nassaq_api.TestSchools" name="test_get_schools_admin" time="0.442" /><testcase classname="tests.test_nassaq_api.TestSchools" name="test_create_school_admin" time="0.477" /><testcase classname="tests.test_nassaq_api.TestSchools" name="test_get_schools_unauthorized" time="0.128" /><testcase classname="tests.test_nassaq_api.TestHakimAI" name="test_hakim_chat" time="9.756" /><testcase classname="tests.test_nassaq_api.TestHakimAI" name="test_hakim_chat_with_context" time="21.845" /><testcase classname="tests.test_nassaq_api.TestSeedData" name="test_seed_admin" time="0.150" /></testsuite></testsuites>