<?xml version="1.0" encoding="utf-8"?><testsuites name="pytest tests"><testsuite name="pytest" errors="0" failures="0" skipped="3" tests="10" time="5.008" timestamp="2026-03-10T17:07:27.592624+00:00" hostname="agent-env-21310e14-bd2e-4de1-bfb3-a24e3d33906f"><testcase classname="tests.test_scheduling_smart_engine.TestSchedulingSmartEngine" name="test_conflicts_api_returns_statistics" time="0.692" /><testcase classname="tests.test_scheduling_smart_engine.TestSchedulingSmartEngine" name="test_conflicts_api_returns_conflicts_list" time="0.776" /><testcase classname="tests.test_scheduling_smart_engine.TestSchedulingSmartEngine" name="test_conflicts_api_with_nonexistent_schedule" time="0.389" /><testcase classname="tests.test_scheduling_smart_engine.TestSchedulingSmartEngine" name="test_generate_api_returns_statistics" time="0.463"><skipped type="pytest.skip" message="No teacher assignments available for generation">/app/backend/tests/test_scheduling_smart_engine.py:142: No teacher assignments available for generation</skipped></testcase><testcase classname="tests.test_scheduling_smart_engine.TestSchedulingSmartEngine" name="test_generate_api_returns_messages" time="0.471"><skipped type="pytest.skip" message="No assignments for generation">/app/backend/tests/test_scheduling_smart_engine.py:181: No assignments for generation</skipped></testcase><testcase classname="tests.test_scheduling_smart_engine.TestSchedulingSmartEngine" name="test_generate_api_with_nonexistent_schedule" time="0.450" /><testcase classname="tests.test_scheduling_smart_engine.TestSchedulingSmartEngine" name="test_generate_api_with_options" time="0.432"><skipped type="pytest.skip" message="No assignments for generation">/app/backend/tests/test_scheduling_smart_engine.py:220: No assignments for generation</skipped></testcase><testcase classname="tests.test_scheduling_smart_engine.TestSchedulingIntegration" name="test_schedules_list_endpoint" time="0.387" /><testcase classname="tests.test_scheduling_smart_engine.TestSchedulingIntegration" name="test_time_slots_endpoint" time="0.418" /><testcase classname="tests.test_scheduling_smart_engine.TestSchedulingIntegration" name="test_teacher_assignments_endpoint" time="0.428" /></testsuite></testsuites>