<?xml version="1.0" encoding="utf-8"?><testsuites name="pytest tests"><testsuite name="pytest" errors="0" failures="4" skipped="0" tests="20" time="7.544" timestamp="2026-03-09T22:28:46.579756+00:00" hostname="agent-env-920bf09b-1939-4ba4-8ddb-96b005801bd1"><testcase classname="backend.tests.test_behaviour_multirole.TestSetup" name="test_login_success" time="0.491" /><testcase classname="backend.tests.test_behaviour_multirole.TestPublicContactAPI" name="test_get_public_contact_info_no_auth" time="0.145" /><testcase classname="backend.tests.test_behaviour_multirole.TestBehaviourTypesAPI" name="test_seed_default_behaviour_types" time="0.467"><failure message="AssertionError: assert 'seeded_count' in {'added': 0, 'message': 'تم إضافة 0 نوع سلوك افتراضي'}">backend/tests/test_behaviour_multirole.py:106: in test_seed_default_behaviour_types
    assert "seeded_count" in data
E   AssertionError: assert 'seeded_count' in {'added': 0, 'message': 'تم إضافة 0 نوع سلوك افتراضي'}</failure></testcase><testcase classname="backend.tests.test_behaviour_multirole.TestBehaviourTypesAPI" name="test_get_behaviour_types" time="0.105" /><testcase classname="backend.tests.test_behaviour_multirole.TestBehaviourTypesAPI" name="test_get_behaviour_types_by_category" time="0.297" /><testcase classname="backend.tests.test_behaviour_multirole.TestBehaviourTypesAPI" name="test_create_custom_behaviour_type" time="0.124" /><testcase classname="backend.tests.test_behaviour_multirole.TestBehaviourRecordsAPI" name="test_create_behaviour_record" time="0.857"><failure message="assert 403 in [400, 404, 500]&#10; +  where 403 = &lt;Response [403]&gt;.status_code">backend/tests/test_behaviour_multirole.py:297: in test_create_behaviour_record
    assert response.status_code in [400, 404, 500]
E   assert 403 in [400, 404, 500]
E    +  where 403 = &lt;Response [403]&gt;.status_code</failure></testcase><testcase classname="backend.tests.test_behaviour_multirole.TestBehaviourRecordsAPI" name="test_get_student_behaviour_history" time="0.126"><failure message="AssertionError: Failed: {&quot;detail&quot;:[{&quot;type&quot;:&quot;missing&quot;,&quot;loc&quot;:[&quot;query&quot;,&quot;school_id&quot;],&quot;msg&quot;:&quot;Field required&quot;,&quot;input&quot;:null,&quot;url&quot;:&quot;https://errors.pydantic.dev/2.12/v/missing&quot;}]}&#10;assert 422 == 200&#10; +  where 422 = &lt;Response [422]&gt;.status_code">backend/tests/test_behaviour_multirole.py:309: in test_get_student_behaviour_history
    assert response.status_code == 200, f"Failed: {response.text}"
E   AssertionError: Failed: {"detail":[{"type":"missing","loc":["query","school_id"],"msg":"Field required","input":null,"url":"https://errors.pydantic.dev/2.12/v/missing"}]}
E   assert 422 == 200
E    +  where 422 = &lt;Response [422]&gt;.status_code</failure></testcase><testcase classname="backend.tests.test_behaviour_multirole.TestBehaviourRecordsAPI" name="test_get_student_behaviour_profile" time="0.115"><failure message="assert 422 in [400, 404]&#10; +  where 422 = &lt;Response [422]&gt;.status_code">backend/tests/test_behaviour_multirole.py:340: in test_get_student_behaviour_profile
    assert response.status_code in [400, 404]
E   assert 422 in [400, 404]
E    +  where 422 = &lt;Response [422]&gt;.status_code</failure></testcase><testcase classname="backend.tests.test_behaviour_multirole.TestMultiRoleAPI" name="test_get_user_roles" time="0.564" /><testcase classname="backend.tests.test_behaviour_multirole.TestMultiRoleAPI" name="test_get_user_roles_unauthorized" time="0.108" /><testcase classname="backend.tests.test_behaviour_multirole.TestMultiRoleAPI" name="test_add_role_to_user" time="0.462" /><testcase classname="backend.tests.test_behaviour_multirole.TestMultiRoleAPI" name="test_add_duplicate_role" time="0.108" /><testcase classname="backend.tests.test_behaviour_multirole.TestMultiRoleAPI" name="test_switch_role" time="0.245" /><testcase classname="backend.tests.test_behaviour_multirole.TestMultiRoleAPI" name="test_switch_to_invalid_role" time="0.114" /><testcase classname="backend.tests.test_behaviour_multirole.TestUserRoleEnum" name="test_platform_admin_role" time="0.501" /><testcase classname="backend.tests.test_behaviour_multirole.TestUserRoleEnum" name="test_create_user_with_new_roles" time="1.740" /><testcase classname="backend.tests.test_behaviour_multirole.TestDisciplinaryActionsAPI" name="test_create_disciplinary_action_endpoint_exists" time="0.485" /><testcase classname="backend.tests.test_behaviour_multirole.TestAPIHealth" name="test_api_health" time="0.265" /><testcase classname="backend.tests.test_behaviour_multirole.TestAPIHealth" name="test_auth_endpoint_exists" time="0.097" /></testsuite></testsuites>