<?xml version="1.0" encoding="utf-8"?><testsuites name="pytest tests"><testsuite name="pytest" errors="0" failures="1" skipped="0" tests="11" time="5.892" timestamp="2026-03-09T17:31:12.412015+00:00" hostname="agent-env-f4083f42-aba7-42fc-b15d-a4cca5b039c9"><testcase classname="tests.test_user_creation_api.TestUserCreationEndpoint" name="test_create_teacher_with_all_fields" time="0.868" /><testcase classname="tests.test_user_creation_api.TestUserCreationEndpoint" name="test_create_teacher_minimal_fields" time="0.381" /><testcase classname="tests.test_user_creation_api.TestUserCreationEndpoint" name="test_create_platform_operations_manager" time="0.354" /><testcase classname="tests.test_user_creation_api.TestUserCreationEndpoint" name="test_create_user_duplicate_email" time="0.392" /><testcase classname="tests.test_user_creation_api.TestUserCreationEndpoint" name="test_create_user_invalid_role" time="0.135" /><testcase classname="tests.test_user_creation_api.TestUserCreationEndpoint" name="test_create_user_all_allowed_roles" time="2.748" /><testcase classname="tests.test_user_creation_api.TestUserCreationValidation" name="test_missing_email" time="0.148" /><testcase classname="tests.test_user_creation_api.TestUserCreationValidation" name="test_invalid_email_format" time="0.150" /><testcase classname="tests.test_user_creation_api.TestUserCreationValidation" name="test_missing_password" time="0.303" /><testcase classname="tests.test_user_creation_api.TestUserCreationAuthorization" name="test_unauthenticated_request" time="0.160"><failure message="assert 403 == 401&#10; +  where 403 = &lt;Response [403]&gt;.status_code">tests/test_user_creation_api.py:272: in test_unauthenticated_request
    assert response.status_code == 401
E   assert 403 == 401
E    +  where 403 = &lt;Response [403]&gt;.status_code</failure></testcase><testcase classname="tests.test_user_creation_api.TestUserCreationAuthorization" name="test_invalid_token" time="0.126" /></testsuite></testsuites>