<?xml version="1.0" encoding="utf-8"?><testsuites name="pytest tests"><testsuite name="pytest" errors="0" failures="3" skipped="0" tests="13" time="7.668" timestamp="2026-03-11T11:14:44.211176+00:00" hostname="agent-env-4337c4f9-1d25-4675-b6a0-4e2772f2f704"><testcase classname="backend.tests.test_iteration_47_fixes.TestAuthAPI" name="test_login_platform_admin" time="0.374" /><testcase classname="backend.tests.test_iteration_47_fixes.TestUsersManagementAPI" name="test_get_users_list" time="0.468"><failure message="AssertionError: Expected 200, got 500&#10;assert 500 == 200&#10; +  where 500 = &lt;Response [500]&gt;.status_code">backend/tests/test_iteration_47_fixes.py:63: in test_get_users_list
    assert response.status_code == 200, f"Expected 200, got {response.status_code}"
E   AssertionError: Expected 200, got 500
E   assert 500 == 200
E    +  where 500 = &lt;Response [500]&gt;.status_code</failure></testcase><testcase classname="backend.tests.test_iteration_47_fixes.TestUsersManagementAPI" name="test_get_users_with_pagination" time="0.106"><failure message="AssertionError: Expected 200, got 500&#10;assert 500 == 200&#10; +  where 500 = &lt;Response [500]&gt;.status_code">backend/tests/test_iteration_47_fixes.py:73: in test_get_users_with_pagination
    assert response.status_code == 200, f"Expected 200, got {response.status_code}"
E   AssertionError: Expected 200, got 500
E   assert 500 == 200
E    +  where 500 = &lt;Response [500]&gt;.status_code</failure></testcase><testcase classname="backend.tests.test_iteration_47_fixes.TestUsersManagementAPI" name="test_get_users_with_role_filter" time="0.118"><failure message="AssertionError: Expected 200, got 500&#10;assert 500 == 200&#10; +  where 500 = &lt;Response [500]&gt;.status_code">backend/tests/test_iteration_47_fixes.py:82: in test_get_users_with_role_filter
    assert response.status_code == 200, f"Expected 200, got {response.status_code}"
E   AssertionError: Expected 200, got 500
E   assert 500 == 200
E    +  where 500 = &lt;Response [500]&gt;.status_code</failure></testcase><testcase classname="backend.tests.test_iteration_47_fixes.TestDashboardAPIs" name="test_dashboard_stats" time="0.109" /><testcase classname="backend.tests.test_iteration_47_fixes.TestDashboardAPIs" name="test_dashboard_activity" time="0.115" /><testcase classname="backend.tests.test_iteration_47_fixes.TestDashboardAPIs" name="test_dashboard_with_type_filter" time="0.112" /><testcase classname="backend.tests.test_iteration_47_fixes.TestDashboardAPIs" name="test_dashboard_with_school_filter" time="0.134" /><testcase classname="backend.tests.test_iteration_47_fixes.TestSchoolsAPI" name="test_get_schools_list" time="0.109" /><testcase classname="backend.tests.test_iteration_47_fixes.TestExportAPIs" name="test_export_dashboard_pdf" time="0.108" /><testcase classname="backend.tests.test_iteration_47_fixes.TestExportAPIs" name="test_export_dashboard_excel" time="0.107" /><testcase classname="backend.tests.test_iteration_47_fixes.TestExportAPIs" name="test_export_security_report" time="0.102" /><testcase classname="backend.tests.test_iteration_47_fixes.TestHakimAPI" name="test_hakim_chat" time="5.628" /></testsuite></testsuites>