<?xml version="1.0" encoding="utf-8"?><testsuites name="pytest tests"><testsuite name="pytest" errors="0" failures="1" skipped="0" tests="21" time="12.406" timestamp="2026-03-12T18:10:39.300305+00:00" hostname="agent-env-459b202a-1d63-49f3-800f-710b54cce39a"><testcase classname="backend.tests.test_subjects_constraints_activerole.TestAuthentication" name="test_principal_login" time="0.513" /><testcase classname="backend.tests.test_subjects_constraints_activerole.TestAuthentication" name="test_admin_login" time="0.354" /><testcase classname="backend.tests.test_subjects_constraints_activerole.TestActiveRoleContext" name="test_get_active_role_principal" time="0.547" /><testcase classname="backend.tests.test_subjects_constraints_activerole.TestActiveRoleContext" name="test_get_active_role_admin" time="0.508" /><testcase classname="backend.tests.test_subjects_constraints_activerole.TestActiveRoleContext" name="test_set_active_role" time="0.486" /><testcase classname="backend.tests.test_subjects_constraints_activerole.TestSubjectsCRUD" name="test_get_school_subjects" time="0.519" /><testcase classname="backend.tests.test_subjects_constraints_activerole.TestSubjectsCRUD" name="test_create_subject" time="0.858" /><testcase classname="backend.tests.test_subjects_constraints_activerole.TestSubjectsCRUD" name="test_update_subject" time="0.584" /><testcase classname="backend.tests.test_subjects_constraints_activerole.TestSubjectsCRUD" name="test_delete_subject" time="0.880" /><testcase classname="backend.tests.test_subjects_constraints_activerole.TestConstraintsCRUD" name="test_get_school_constraints" time="0.493" /><testcase classname="backend.tests.test_subjects_constraints_activerole.TestConstraintsCRUD" name="test_create_constraint" time="0.641" /><testcase classname="backend.tests.test_subjects_constraints_activerole.TestConstraintsCRUD" name="test_update_constraint" time="0.684" /><testcase classname="backend.tests.test_subjects_constraints_activerole.TestConstraintsCRUD" name="test_toggle_constraint_active" time="0.647" /><testcase classname="backend.tests.test_subjects_constraints_activerole.TestConstraintsCRUD" name="test_delete_constraint" time="0.745" /><testcase classname="backend.tests.test_subjects_constraints_activerole.TestReferenceAPIs" name="test_get_reference_subjects" time="0.595" /><testcase classname="backend.tests.test_subjects_constraints_activerole.TestReferenceAPIs" name="test_get_reference_admin_constraints" time="0.469" /><testcase classname="backend.tests.test_subjects_constraints_activerole.TestReferenceAPIs" name="test_get_school_settings" time="0.463" /><testcase classname="backend.tests.test_subjects_constraints_activerole.TestReferenceAPIs" name="test_get_time_slots" time="0.504" /><testcase classname="backend.tests.test_subjects_constraints_activerole.TestSchedulePageAPIs" name="test_get_schedule_sessions" time="0.517"><failure message="AssertionError: Failed: {&quot;detail&quot;:[{&quot;type&quot;:&quot;missing&quot;,&quot;loc&quot;:[&quot;query&quot;,&quot;schedule_id&quot;],&quot;msg&quot;:&quot;Field required&quot;,&quot;input&quot;:null,&quot;url&quot;:&quot;https://errors.pydantic.dev/2.12/v/missing&quot;}]}&#10;assert 422 == 200&#10; +  where 422 = &lt;Response [422]&gt;.status_code">backend/tests/test_subjects_constraints_activerole.py:462: in test_get_schedule_sessions
    assert response.status_code == 200, f"Failed: {response.text}"
E   AssertionError: Failed: {"detail":[{"type":"missing","loc":["query","schedule_id"],"msg":"Field required","input":null,"url":"https://errors.pydantic.dev/2.12/v/missing"}]}
E   assert 422 == 200
E    +  where 422 = &lt;Response [422]&gt;.status_code</failure></testcase><testcase classname="backend.tests.test_subjects_constraints_activerole.TestSchedulePageAPIs" name="test_get_teachers" time="0.473" /><testcase classname="backend.tests.test_subjects_constraints_activerole.TestSchedulePageAPIs" name="test_get_classes" time="0.687" /></testsuite></testsuites>