<?xml version="1.0" encoding="utf-8"?><testsuites name="pytest tests"><testsuite name="pytest" errors="0" failures="1" skipped="0" tests="20" time="7.958" timestamp="2026-03-09T22:01:56.632397+00:00" hostname="agent-env-920bf09b-1939-4ba4-8ddb-96b005801bd1"><testcase classname="backend.tests.test_registration_requests.TestAuthAndSetup" name="test_admin_login" time="0.479" /><testcase classname="backend.tests.test_registration_requests.TestUserCreation" name="test_create_platform_admin_user" time="0.822" /><testcase classname="backend.tests.test_registration_requests.TestUserCreation" name="test_create_teacher_user" time="0.523" /><testcase classname="backend.tests.test_registration_requests.TestUserCreation" name="test_create_user_duplicate_email" time="0.586" /><testcase classname="backend.tests.test_registration_requests.TestUserCreation" name="test_create_user_invalid_role" time="0.000"><failure message="TypeError: 'UUID' object is not subscriptable">backend/tests/test_registration_requests.py:158: in test_create_user_invalid_role
    "email": f"TEST_invalid_{uuid.uuid4()[:8]}@nassaq.com",
                             ^^^^^^^^^^^^^^^^
E   TypeError: 'UUID' object is not subscriptable</failure></testcase><testcase classname="backend.tests.test_registration_requests.TestRegistrationRequests" name="test_get_registration_requests" time="0.486" /><testcase classname="backend.tests.test_registration_requests.TestRegistrationRequests" name="test_get_pending_teacher_requests" time="0.173" /><testcase classname="backend.tests.test_registration_requests.TestRegistrationRequests" name="test_create_registration_request" time="0.106" /><testcase classname="backend.tests.test_registration_requests.TestApproveRequest" name="test_approve_teacher_request" time="0.956" /><testcase classname="backend.tests.test_registration_requests.TestApproveRequest" name="test_approve_nonexistent_request" time="0.113" /><testcase classname="backend.tests.test_registration_requests.TestApproveRequest" name="test_approve_already_approved_request" time="0.667" /><testcase classname="backend.tests.test_registration_requests.TestRejectRequest" name="test_reject_teacher_request" time="0.589" /><testcase classname="backend.tests.test_registration_requests.TestRejectRequest" name="test_reject_without_reason" time="0.248" /><testcase classname="backend.tests.test_registration_requests.TestRejectRequest" name="test_reject_with_short_reason" time="0.218" /><testcase classname="backend.tests.test_registration_requests.TestRequestMoreInfo" name="test_request_more_info" time="0.578" /><testcase classname="backend.tests.test_registration_requests.TestRequestMoreInfo" name="test_request_info_short_message" time="0.228" /><testcase classname="backend.tests.test_registration_requests.TestRequestMoreInfo" name="test_request_info_on_approved_request" time="0.751" /><testcase classname="backend.tests.test_registration_requests.TestUnauthorizedAccess" name="test_get_requests_without_auth" time="0.109" /><testcase classname="backend.tests.test_registration_requests.TestUnauthorizedAccess" name="test_approve_without_auth" time="0.102" /><testcase classname="backend.tests.test_registration_requests.TestUnauthorizedAccess" name="test_create_user_without_auth" time="0.109" /></testsuite></testsuites>