<?xml version="1.0" encoding="utf-8"?><testsuites name="pytest tests"><testsuite name="pytest" errors="0" failures="1" skipped="0" tests="12" time="7.076" timestamp="2026-03-11T11:17:21.662629+00:00" hostname="agent-env-4337c4f9-1d25-4675-b6a0-4e2772f2f704"><testcase classname="backend.tests.test_iteration_47_fixes.TestAuthAPI" name="test_login_platform_admin" time="0.421" /><testcase classname="backend.tests.test_iteration_47_fixes.TestUsersManagementAPI" name="test_get_platform_users_list" time="0.445" /><testcase classname="backend.tests.test_iteration_47_fixes.TestUsersManagementAPI" name="test_get_platform_users_with_pagination" time="0.130" /><testcase classname="backend.tests.test_iteration_47_fixes.TestUsersManagementAPI" name="test_get_platform_users_with_role_filter" time="0.111" /><testcase classname="backend.tests.test_iteration_47_fixes.TestUsersManagementAPI" name="test_get_platform_users_with_search" time="0.107" /><testcase classname="backend.tests.test_iteration_47_fixes.TestDashboardAPIs" name="test_dashboard_stats" time="0.122" /><testcase classname="backend.tests.test_iteration_47_fixes.TestDashboardAPIs" name="test_dashboard_with_type_filter" time="0.120" /><testcase classname="backend.tests.test_iteration_47_fixes.TestDashboardAPIs" name="test_dashboard_with_school_filter" time="0.104" /><testcase classname="backend.tests.test_iteration_47_fixes.TestDashboardAPIs" name="test_dashboard_with_time_window" time="0.110" /><testcase classname="backend.tests.test_iteration_47_fixes.TestSchoolsAPI" name="test_get_schools_list" time="0.093" /><testcase classname="backend.tests.test_iteration_47_fixes.TestHakimAPI" name="test_hakim_chat" time="5.096" /><testcase classname="backend.tests.test_iteration_47_fixes.TestNotificationsAPI" name="test_get_unread_count" time="0.139"><failure message="AssertionError: Expected count in response&#10;assert ('count' in {'unread_count': 0} or False)&#10; +  where False = isinstance({'unread_count': 0}, int)">backend/tests/test_iteration_47_fixes.py:176: in test_get_unread_count
    assert "count" in data or isinstance(data, int), "Expected count in response"
E   AssertionError: Expected count in response
E   assert ('count' in {'unread_count': 0} or False)
E    +  where False = isinstance({'unread_count': 0}, int)</failure></testcase></testsuite></testsuites>