<?xml version="1.0" encoding="utf-8"?><testsuites name="pytest tests"><testsuite name="pytest" errors="0" failures="4" skipped="0" tests="18" time="17.471" timestamp="2026-03-11T20:28:08.289326+00:00" hostname="agent-env-682c0626-c60b-4345-b232-7dcb48bb0b75"><testcase classname="backend.tests.test_school_settings.TestSchoolSettingsAPIs" name="test_get_school_settings" time="1.073" /><testcase classname="backend.tests.test_school_settings.TestSchoolSettingsAPIs" name="test_get_school_settings_with_admin_context" time="0.858" /><testcase classname="backend.tests.test_school_settings.TestSchoolSettingsAPIs" name="test_update_work_days" time="0.935" /><testcase classname="backend.tests.test_school_settings.TestSchoolSettingsAPIs" name="test_update_periods_per_day" time="0.848"><failure message="AssertionError: Failed: {&quot;detail&quot;:[{&quot;type&quot;:&quot;missing&quot;,&quot;loc&quot;:[&quot;query&quot;,&quot;periods&quot;],&quot;msg&quot;:&quot;Field required&quot;,&quot;input&quot;:null,&quot;url&quot;:&quot;https://errors.pydantic.dev/2.12/v/missing&quot;}]}&#10;assert 422 == 200&#10; +  where 422 = &lt;Response [422]&gt;.status_code">backend/tests/test_school_settings.py:125: in test_update_periods_per_day
    assert response.status_code == 200, f"Failed: {response.text}"
E   AssertionError: Failed: {"detail":[{"type":"missing","loc":["query","periods"],"msg":"Field required","input":null,"url":"https://errors.pydantic.dev/2.12/v/missing"}]}
E   assert 422 == 200
E    +  where 422 = &lt;Response [422]&gt;.status_code</failure></testcase><testcase classname="backend.tests.test_school_settings.TestSchoolSettingsAPIs" name="test_update_timing" time="0.843" /><testcase classname="backend.tests.test_school_settings.TestSchoolSettingsAPIs" name="test_update_breaks" time="0.863"><failure message="AssertionError: Failed: {&quot;detail&quot;:[{&quot;type&quot;:&quot;list_type&quot;,&quot;loc&quot;:[&quot;body&quot;],&quot;msg&quot;:&quot;Input should be a valid list&quot;,&quot;input&quot;:{&quot;breaks&quot;:[{&quot;id&quot;:&quot;break-1&quot;,&quot;name&quot;:&quot;استراحة الفطور&quot;,&quot;start&quot;:&quot;09:30&quot;,&quot;end&quot;:&quot;09:45&quot;}]},&quot;url&quot;:&quot;https://errors.pydantic.dev/2.12/v/list_type&quot;}]}&#10;assert 422 == 200&#10; +  where 422 = &lt;Response [422]&gt;.status_code">backend/tests/test_school_settings.py:154: in test_update_breaks
    assert response.status_code == 200, f"Failed: {response.text}"
E   AssertionError: Failed: {"detail":[{"type":"list_type","loc":["body"],"msg":"Input should be a valid list","input":{"breaks":[{"id":"break-1","name":"استراحة الفطور","start":"09:30","end":"09:45"}]},"url":"https://errors.pydantic.dev/2.12/v/list_type"}]}
E   assert 422 == 200
E    +  where 422 = &lt;Response [422]&gt;.status_code</failure></testcase><testcase classname="backend.tests.test_school_settings.TestSchoolSettingsAPIs" name="test_add_official_holiday" time="0.968" /><testcase classname="backend.tests.test_school_settings.TestSchoolSettingsAPIs" name="test_add_activity_day" time="1.000" /><testcase classname="backend.tests.test_school_settings.TestSchoolSettingsAPIs" name="test_update_teaching_loads" time="0.882" /><testcase classname="backend.tests.test_school_settings.TestSchoolSettingsAPIs" name="test_update_teacher_availability" time="0.858"><failure message="AssertionError: Failed: {&quot;detail&quot;:[{&quot;type&quot;:&quot;missing&quot;,&quot;loc&quot;:[&quot;body&quot;,&quot;teacher_id&quot;],&quot;msg&quot;:&quot;Field required&quot;,&quot;input&quot;:{&quot;teacher_availability&quot;:{&quot;teacher-1&quot;:{&quot;sunday&quot;:[&quot;1&quot;,&quot;2&quot;,&quot;3&quot;],&quot;monday&quot;:[&quot;1&quot;,&quot;2&quot;,&quot;3&quot;,&quot;4&quot;]}}},&quot;url&quot;:&quot;https://errors.pydantic.dev/2.12/v/missing&quot;}]}&#10;assert 422 == 200&#10; +  where 422 = &lt;Response [422]&gt;.status_code">backend/tests/test_school_settings.py:242: in test_update_teacher_availability
    assert response.status_code == 200, f"Failed: {response.text}"
E   AssertionError: Failed: {"detail":[{"type":"missing","loc":["body","teacher_id"],"msg":"Field required","input":{"teacher_availability":{"teacher-1":{"sunday":["1","2","3"],"monday":["1","2","3","4"]}}},"url":"https://errors.pydantic.dev/2.12/v/missing"}]}
E   assert 422 == 200
E    +  where 422 = &lt;Response [422]&gt;.status_code</failure></testcase><testcase classname="backend.tests.test_school_settings.TestSchoolSettingsAPIs" name="test_update_constraints" time="0.862"><failure message="AssertionError: Failed: {&quot;detail&quot;:[{&quot;type&quot;:&quot;list_type&quot;,&quot;loc&quot;:[&quot;body&quot;],&quot;msg&quot;:&quot;Input should be a valid list&quot;,&quot;input&quot;:{&quot;constraints&quot;:[{&quot;id&quot;:&quot;constraint-1&quot;,&quot;type&quot;:&quot;no_first_period&quot;,&quot;teacher_id&quot;:&quot;teacher-1&quot;,&quot;description&quot;:&quot;لا يبدأ الحصة الأولى&quot;}]},&quot;url&quot;:&quot;https://errors.pydantic.dev/2.12/v/list_type&quot;}]}&#10;assert 422 == 200&#10; +  where 422 = &lt;Response [422]&gt;.status_code">backend/tests/test_school_settings.py:263: in test_update_constraints
    assert response.status_code == 200, f"Failed: {response.text}"
E   AssertionError: Failed: {"detail":[{"type":"list_type","loc":["body"],"msg":"Input should be a valid list","input":{"constraints":[{"id":"constraint-1","type":"no_first_period","teacher_id":"teacher-1","description":"لا يبدأ الحصة الأولى"}]},"url":"https://errors.pydantic.dev/2.12/v/list_type"}]}
E   assert 422 == 200
E    +  where 422 = &lt;Response [422]&gt;.status_code</failure></testcase><testcase classname="backend.tests.test_school_settings.TestSchoolSettingsAPIs" name="test_stages_crud" time="1.174" /><testcase classname="backend.tests.test_school_settings.TestSchoolSettingsAPIs" name="test_grades_crud" time="1.224" /><testcase classname="backend.tests.test_school_settings.TestSchoolSettingsAPIs" name="test_sections_crud" time="1.252" /><testcase classname="backend.tests.test_school_settings.TestSchoolSettingsAPIs" name="test_academic_terms_crud" time="1.199" /><testcase classname="backend.tests.test_school_settings.TestSchoolSettingsAPIs" name="test_subjects_crud" time="1.221" /><testcase classname="backend.tests.test_school_settings.TestSchoolSettingsValidation" name="test_unauthorized_access" time="0.500" /><testcase classname="backend.tests.test_school_settings.TestSchoolSettingsValidation" name="test_invalid_periods_per_day" time="0.745" /></testsuite></testsuites>