<?xml version="1.0" encoding="utf-8"?><testsuites name="pytest tests"><testsuite name="pytest" errors="0" failures="2" skipped="0" tests="14" time="6.274" timestamp="2026-03-12T15:31:36.985314+00:00" hostname="agent-env-92543b0a-2359-4eab-b80a-603aaecca322"><testcase classname="backend.tests.test_command_center_stats.TestAuthentication" name="test_admin_login" time="0.453" /><testcase classname="backend.tests.test_command_center_stats.TestAuthentication" name="test_principal1_login" time="0.355" /><testcase classname="backend.tests.test_command_center_stats.TestAuthentication" name="test_principal4_login" time="0.366" /><testcase classname="backend.tests.test_command_center_stats.TestCommandCenterStats" name="test_command_center_stats_endpoint" time="0.535" /><testcase classname="backend.tests.test_command_center_stats.TestCommandCenterStats" name="test_teachers_count_is_10" time="0.539" /><testcase classname="backend.tests.test_command_center_stats.TestCommandCenterStats" name="test_students_count_is_50" time="0.475" /><testcase classname="backend.tests.test_command_center_stats.TestCommandCenterStats" name="test_schools_count_is_2" time="0.484" /><testcase classname="backend.tests.test_command_center_stats.TestCommandCenterStats" name="test_unauthorized_access" time="0.117" /><testcase classname="backend.tests.test_command_center_stats.TestCommandCenterStats" name="test_non_admin_access_denied" time="0.481" /><testcase classname="backend.tests.test_command_center_stats.TestTeachersAPI" name="test_total_teachers_count" time="0.483" /><testcase classname="backend.tests.test_command_center_stats.TestTeachersAPI" name="test_school_001_teachers" time="0.450" /><testcase classname="backend.tests.test_command_center_stats.TestTeachersAPI" name="test_school_002_teachers" time="0.485" /><testcase classname="backend.tests.test_command_center_stats.TestSchoolDashboard" name="test_school_dashboard_stats" time="0.479"><failure message="AssertionError: Expected 25 students, got {'value': 25, 'change': '+25', 'changeType': 'up', 'status': 'normal'}&#10;assert {'change': '+25', 'changeType': 'up', 'status': 'normal', 'value': 25} == 25">backend/tests/test_command_center_stats.py:226: in test_school_dashboard_stats
    assert metrics["totalStudents"] == 25, f"Expected 25 students, got {metrics['totalStudents']}"
E   AssertionError: Expected 25 students, got {'value': 25, 'change': '+25', 'changeType': 'up', 'status': 'normal'}
E   assert {'change': '+25', 'changeType': 'up', 'status': 'normal', 'value': 25} == 25</failure></testcase><testcase classname="backend.tests.test_command_center_stats.TestSchoolSettings" name="test_school_settings_returns_data" time="0.473"><failure message="AssertionError: assert ('school' in {'academic_structure': {'grades': [{'created_at': '2026-03-12T15:04:25.257000', 'grade_level': 1, 'id': 'grade-1', 'is_active': True, ...}, {'created_at': '2026-03-12T15:04:25.257000', 'grade_level': 2, 'id': 'grade-2', 'is_active': True, ...}, {'created_at': '2026-03-12T15:04:25.257000', 'grade_level': 3, 'id': 'grade-3', 'is_active': True, ...}, {'created_at': '2026-03-12T15:04:25.257000', 'grade_level': 4, 'id': 'grade-4', 'is_active': True, ...}, {'created_at': '2026-03-12T15:04:25.257000', 'grade_level': 5, 'id': 'grade-5', 'is_active': True, ...}, {'created_at': '2026-03-12T15:04:25.257000', 'grade_level': 6, 'id': 'grade-6', 'is_active': True, ...}, ...], 'stages': [{'created_at': '2026-03-12T15:04:25.257000', 'id': 'stage-elementary', 'is_active': True, 'name_ar': 'المرحلة الابتدائية', ...}, {'created_at': '2026-03-12T15:04:25.257000', 'id': 'stage-middle', 'is_active': True, 'name_ar': 'المرحلة المتوسطة', ...}, {'created_at': '2026-03-12T15:04:25.257000', 'id': 'stage-high', 'is_active': True, 'name_ar': 'المرحلة الثانوية', ...}], 'tracks': [{'code': 'general', 'created_at': '2026-03-12T15:04:25.257000', 'id': 'track-general', 'is_active': True, ...}, {'code': 'quran_mem...{'code': 'arabic_eternal', 'color': '#3B82F6', 'created_at': '2026-03-12T15:04:25.257000', 'id': 'subj-arabic-eternal', ...}, {'code': 'math', 'color': '#10B981', 'created_at': '2026-03-12T15:04:25.257000', 'id': 'subj-math', ...}, {'code': 'science', 'color': '#8B5CF6', 'created_at': '2026-03-12T15:04:25.257000', 'id': 'subj-science', ...}, {'code': 'islamic', 'color': '#059669', 'created_at': '2026-03-12T15:04:25.257000', 'id': 'subj-islamic', ...}, ...], 'teacher_ranks': [{'code': 'teacher', 'created_at': '2026-03-12T15:04:25.257000', 'id': 'rank-teacher', 'is_active': True, ...}, {'code': 'practitioner', 'created_at': '2026-03-12T15:04:25.257000', 'id': 'rank-practitioner', 'is_active': True, ...}, {'code': 'advanced', 'created_at': '2026-03-12T15:04:25.257000', 'id': 'rank-advanced', 'is_active': True, ...}, {'code': 'expert', 'created_at': '2026-03-12T15:04:25.257000', 'id': 'rank-expert', 'is_active': True, ...}, {'code': 'sped_practitioner', 'created_at': '2026-03-12T15:04:25.257000', 'id': 'rank-sped-practitioner', 'is_active': True, ...}, {'code': 'sped_advanced', 'created_at': '2026-03-12T15:04:25.257000', 'id': 'rank-sped-advanced', 'is_active': True, ...}, ...]}, ...} or 'name' in {'academic_structure': {'grades': [{'created_at': '2026-03-12T15:04:25.257000', 'grade_level': 1, 'id': 'grade-1', 'is_active': True, ...}, {'created_at': '2026-03-12T15:04:25.257000', 'grade_level': 2, 'id': 'grade-2', 'is_active': True, ...}, {'created_at': '2026-03-12T15:04:25.257000', 'grade_level': 3, 'id': 'grade-3', 'is_active': True, ...}, {'created_at': '2026-03-12T15:04:25.257000', 'grade_level': 4, 'id': 'grade-4', 'is_active': True, ...}, {'created_at': '2026-03-12T15:04:25.257000', 'grade_level': 5, 'id': 'grade-5', 'is_active': True, ...}, {'created_at': '2026-03-12T15:04:25.257000', 'grade_level': 6, 'id': 'grade-6', 'is_active': True, ...}, ...], 'stages': [{'created_at': '2026-03-12T15:04:25.257000', 'id': 'stage-elementary', 'is_active': True, 'name_ar': 'المرحلة الابتدائية', ...}, {'created_at': '2026-03-12T15:04:25.257000', 'id': 'stage-middle', 'is_active': True, 'name_ar': 'المرحلة المتوسطة', ...}, {'created_at': '2026-03-12T15:04:25.257000', 'id': 'stage-high', 'is_active': True, 'name_ar': 'المرحلة الثانوية', ...}], 'tracks': [{'code': 'general', 'created_at': '2026-03-12T15:04:25.257000', 'id': 'track-general', 'is_active': True, ...}, {'code': 'quran_mem...{'code': 'arabic_eternal', 'color': '#3B82F6', 'created_at': '2026-03-12T15:04:25.257000', 'id': 'subj-arabic-eternal', ...}, {'code': 'math', 'color': '#10B981', 'created_at': '2026-03-12T15:04:25.257000', 'id': 'subj-math', ...}, {'code': 'science', 'color': '#8B5CF6', 'created_at': '2026-03-12T15:04:25.257000', 'id': 'subj-science', ...}, {'code': 'islamic', 'color': '#059669', 'created_at': '2026-03-12T15:04:25.257000', 'id': 'subj-islamic', ...}, ...], 'teacher_ranks': [{'code': 'teacher', 'created_at': '2026-03-12T15:04:25.257000', 'id': 'rank-teacher', 'is_active': True, ...}, {'code': 'practitioner', 'created_at': '2026-03-12T15:04:25.257000', 'id': 'rank-practitioner', 'is_active': True, ...}, {'code': 'advanced', 'created_at': '2026-03-12T15:04:25.257000', 'id': 'rank-advanced', 'is_active': True, ...}, {'code': 'expert', 'created_at': '2026-03-12T15:04:25.257000', 'id': 'rank-expert', 'is_active': True, ...}, {'code': 'sped_practitioner', 'created_at': '2026-03-12T15:04:25.257000', 'id': 'rank-sped-practitioner', 'is_active': True, ...}, {'code': 'sped_advanced', 'created_at': '2026-03-12T15:04:25.257000', 'id': 'rank-sped-advanced', 'is_active': True, ...}, ...]}, ...})">backend/tests/test_command_center_stats.py:257: in test_school_settings_returns_data
    assert "school" in data or "name" in data
E   AssertionError: assert ('school' in {'academic_structure': {'grades': [{'created_at': '2026-03-12T15:04:25.257000', 'grade_level': 1, 'id': 'grade-1', 'is_active': True, ...}, {'created_at': '2026-03-12T15:04:25.257000', 'grade_level': 2, 'id': 'grade-2', 'is_active': True, ...}, {'created_at': '2026-03-12T15:04:25.257000', 'grade_level': 3, 'id': 'grade-3', 'is_active': True, ...}, {'created_at': '2026-03-12T15:04:25.257000', 'grade_level': 4, 'id': 'grade-4', 'is_active': True, ...}, {'created_at': '2026-03-12T15:04:25.257000', 'grade_level': 5, 'id': 'grade-5', 'is_active': True, ...}, {'created_at': '2026-03-12T15:04:25.257000', 'grade_level': 6, 'id': 'grade-6', 'is_active': True, ...}, ...], 'stages': [{'created_at': '2026-03-12T15:04:25.257000', 'id': 'stage-elementary', 'is_active': True, 'name_ar': 'المرحلة الابتدائية', ...}, {'created_at': '2026-03-12T15:04:25.257000', 'id': 'stage-middle', 'is_active': True, 'name_ar': 'المرحلة المتوسطة', ...}, {'created_at': '2026-03-12T15:04:25.257000', 'id': 'stage-high', 'is_active': True, 'name_ar': 'المرحلة الثانوية', ...}], 'tracks': [{'code': 'general', 'created_at': '2026-03-12T15:04:25.257000', 'id': 'track-general', 'is_active': True, ...}, {'code': 'quran_mem...{'code': 'arabic_eternal', 'color': '#3B82F6', 'created_at': '2026-03-12T15:04:25.257000', 'id': 'subj-arabic-eternal', ...}, {'code': 'math', 'color': '#10B981', 'created_at': '2026-03-12T15:04:25.257000', 'id': 'subj-math', ...}, {'code': 'science', 'color': '#8B5CF6', 'created_at': '2026-03-12T15:04:25.257000', 'id': 'subj-science', ...}, {'code': 'islamic', 'color': '#059669', 'created_at': '2026-03-12T15:04:25.257000', 'id': 'subj-islamic', ...}, ...], 'teacher_ranks': [{'code': 'teacher', 'created_at': '2026-03-12T15:04:25.257000', 'id': 'rank-teacher', 'is_active': True, ...}, {'code': 'practitioner', 'created_at': '2026-03-12T15:04:25.257000', 'id': 'rank-practitioner', 'is_active': True, ...}, {'code': 'advanced', 'created_at': '2026-03-12T15:04:25.257000', 'id': 'rank-advanced', 'is_active': True, ...}, {'code': 'expert', 'created_at': '2026-03-12T15:04:25.257000', 'id': 'rank-expert', 'is_active': True, ...}, {'code': 'sped_practitioner', 'created_at': '2026-03-12T15:04:25.257000', 'id': 'rank-sped-practitioner', 'is_active': True, ...}, {'code': 'sped_advanced', 'created_at': '2026-03-12T15:04:25.257000', 'id': 'rank-sped-advanced', 'is_active': True, ...}, ...]}, ...} or 'name' in {'academic_structure': {'grades': [{'created_at': '2026-03-12T15:04:25.257000', 'grade_level': 1, 'id': 'grade-1', 'is_active': True, ...}, {'created_at': '2026-03-12T15:04:25.257000', 'grade_level': 2, 'id': 'grade-2', 'is_active': True, ...}, {'created_at': '2026-03-12T15:04:25.257000', 'grade_level': 3, 'id': 'grade-3', 'is_active': True, ...}, {'created_at': '2026-03-12T15:04:25.257000', 'grade_level': 4, 'id': 'grade-4', 'is_active': True, ...}, {'created_at': '2026-03-12T15:04:25.257000', 'grade_level': 5, 'id': 'grade-5', 'is_active': True, ...}, {'created_at': '2026-03-12T15:04:25.257000', 'grade_level': 6, 'id': 'grade-6', 'is_active': True, ...}, ...], 'stages': [{'created_at': '2026-03-12T15:04:25.257000', 'id': 'stage-elementary', 'is_active': True, 'name_ar': 'المرحلة الابتدائية', ...}, {'created_at': '2026-03-12T15:04:25.257000', 'id': 'stage-middle', 'is_active': True, 'name_ar': 'المرحلة المتوسطة', ...}, {'created_at': '2026-03-12T15:04:25.257000', 'id': 'stage-high', 'is_active': True, 'name_ar': 'المرحلة الثانوية', ...}], 'tracks': [{'code': 'general', 'created_at': '2026-03-12T15:04:25.257000', 'id': 'track-general', 'is_active': True, ...}, {'code': 'quran_mem...{'code': 'arabic_eternal', 'color': '#3B82F6', 'created_at': '2026-03-12T15:04:25.257000', 'id': 'subj-arabic-eternal', ...}, {'code': 'math', 'color': '#10B981', 'created_at': '2026-03-12T15:04:25.257000', 'id': 'subj-math', ...}, {'code': 'science', 'color': '#8B5CF6', 'created_at': '2026-03-12T15:04:25.257000', 'id': 'subj-science', ...}, {'code': 'islamic', 'color': '#059669', 'created_at': '2026-03-12T15:04:25.257000', 'id': 'subj-islamic', ...}, ...], 'teacher_ranks': [{'code': 'teacher', 'created_at': '2026-03-12T15:04:25.257000', 'id': 'rank-teacher', 'is_active': True, ...}, {'code': 'practitioner', 'created_at': '2026-03-12T15:04:25.257000', 'id': 'rank-practitioner', 'is_active': True, ...}, {'code': 'advanced', 'created_at': '2026-03-12T15:04:25.257000', 'id': 'rank-advanced', 'is_active': True, ...}, {'code': 'expert', 'created_at': '2026-03-12T15:04:25.257000', 'id': 'rank-expert', 'is_active': True, ...}, {'code': 'sped_practitioner', 'created_at': '2026-03-12T15:04:25.257000', 'id': 'rank-sped-practitioner', 'is_active': True, ...}, {'code': 'sped_advanced', 'created_at': '2026-03-12T15:04:25.257000', 'id': 'rank-sped-advanced', 'is_active': True, ...}, ...]}, ...})</failure></testcase></testsuite></testsuites>