<?xml version="1.0" encoding="utf-8"?><testsuites name="pytest tests"><testsuite name="pytest" errors="0" failures="0" skipped="0" tests="14" time="2.653" timestamp="2026-03-13T02:46:29.113936+00:00" hostname="agent-env-056672b5-3180-40da-b175-581c90182d5b"><testcase classname="backend.tests.test_iteration_73.TestSchoolSubjectsCRUD" name="test_get_school_subjects" time="0.494" /><testcase classname="backend.tests.test_iteration_73.TestSchoolSubjectsCRUD" name="test_create_subject" time="0.117" /><testcase classname="backend.tests.test_iteration_73.TestSchoolSubjectsCRUD" name="test_update_subject" time="0.220" /><testcase classname="backend.tests.test_iteration_73.TestSchoolSubjectsCRUD" name="test_delete_subject" time="0.228" /><testcase classname="backend.tests.test_iteration_73.TestSchoolConstraintsCRUD" name="test_get_school_constraints" time="0.118" /><testcase classname="backend.tests.test_iteration_73.TestSchoolConstraintsCRUD" name="test_create_constraint" time="0.101" /><testcase classname="backend.tests.test_iteration_73.TestSchoolConstraintsCRUD" name="test_update_constraint" time="0.243" /><testcase classname="backend.tests.test_iteration_73.TestSchoolConstraintsCRUD" name="test_delete_constraint" time="0.252" /><testcase classname="backend.tests.test_iteration_73.TestSchoolSettings" name="test_get_school_settings" time="0.105" /><testcase classname="backend.tests.test_iteration_73.TestSchoolSettings" name="test_update_time_slots" time="0.272" /><testcase classname="backend.tests.test_iteration_73.TestCreateClassWizardOptions" name="test_get_grades_options" time="0.110" /><testcase classname="backend.tests.test_iteration_73.TestCreateClassWizardOptions" name="test_get_class_types_options" time="0.105" /><testcase classname="backend.tests.test_iteration_73.TestCreateClassWizardOptions" name="test_get_teachers_options" time="0.112" /><testcase classname="backend.tests.test_iteration_73.TestUsersManagementPage" name="test_import_export_endpoint_exists" time="0.124" /></testsuite></testsuites>