<?xml version="1.0" encoding="utf-8"?><testsuites name="pytest tests"><testsuite name="pytest" errors="0" failures="1" skipped="0" tests="13" time="6.983" timestamp="2026-03-11T22:00:32.946145+00:00" hostname="agent-env-864ab18f-c0b4-4694-a1ed-54a7a0933be8"><testcase classname="tests.test_teacher_module_apis.TestTeacherLogin" name="test_teacher_login_success" time="0.557" /><testcase classname="tests.test_teacher_module_apis.TestTeacherDashboardAPI" name="test_teacher_dashboard_api" time="0.581" /><testcase classname="tests.test_teacher_module_apis.TestTeacherClassesAPI" name="test_teacher_classes_api" time="0.473" /><testcase classname="tests.test_teacher_module_apis.TestTeacherScheduleAPI" name="test_teacher_schedule_api" time="0.579" /><testcase classname="tests.test_teacher_module_apis.TestTeacherAssessmentsAPI" name="test_teacher_assessments_api" time="0.477" /><testcase classname="tests.test_teacher_module_apis.TestBehaviorAPI" name="test_get_behavior_records" time="0.508" /><testcase classname="tests.test_teacher_module_apis.TestBehaviorAPI" name="test_create_behavior_record" time="0.492" /><testcase classname="tests.test_teacher_module_apis.TestResourcesAPI" name="test_get_resources" time="0.452" /><testcase classname="tests.test_teacher_module_apis.TestResourcesAPI" name="test_create_resource" time="0.629" /><testcase classname="tests.test_teacher_module_apis.TestMessagesAPI" name="test_get_messages" time="0.508" /><testcase classname="tests.test_teacher_module_apis.TestMessagesAPI" name="test_send_message" time="0.561" /><testcase classname="tests.test_teacher_module_apis.TestGradesAPI" name="test_get_grades" time="0.542" /><testcase classname="tests.test_teacher_module_apis.TestAssessmentsCreateAPI" name="test_create_assessment" time="0.478"><failure message="AssertionError: POST assessments failed: {&quot;detail&quot;:[{&quot;type&quot;:&quot;missing&quot;,&quot;loc&quot;:[&quot;body&quot;,&quot;title&quot;],&quot;msg&quot;:&quot;Field required&quot;,&quot;input&quot;:{&quot;teacher_id&quot;:&quot;3c374fbf-d8a3-461a-a97c-4b520bb32b38&quot;,&quot;name&quot;:&quot;TEST: اختبار 014697&quot;,&quot;type&quot;:&quot;quiz&quot;,&quot;class_id&quot;:&quot;test-class-001&quot;,&quot;subject_id&quot;:&quot;test-subject-001&quot;,&quot;max_score&quot;:100,&quot;date&quot;:&quot;2025-01-20&quot;},&quot;url&quot;:&quot;https://errors.pydantic.dev/2.12/v/missing&quot;},{&quot;type&quot;:&quot;missing&quot;,&quot;loc&quot;:[&quot;body&quot;,&quot;assessment_type&quot;],&quot;msg&quot;:&quot;Field required&quot;,&quot;input&quot;:{&quot;teacher_id&quot;:&quot;3c374fbf-d8a3-461a-a97c-4b520bb32b38&quot;,&quot;name&quot;:&quot;TEST: اختبار 014697&quot;,&quot;type&quot;:&quot;quiz&quot;,&quot;class_id&quot;:&quot;test-class-001&quot;,&quot;subject_id&quot;:&quot;test-subject-001&quot;,&quot;max_score&quot;:100,&quot;date&quot;:&quot;2025-01-20&quot;},&quot;url&quot;:&quot;https://errors.pydantic.dev/2.12/v/missing&quot;}]}&#10;assert 422 == 200&#10; +  where 422 = &lt;Response [422]&gt;.status_code">tests/test_teacher_module_apis.py:468: in test_create_assessment
    assert response.status_code == 200, f"POST assessments failed: {response.text}"
E   AssertionError: POST assessments failed: {"detail":[{"type":"missing","loc":["body","title"],"msg":"Field required","input":{"teacher_id":"3c374fbf-d8a3-461a-a97c-4b520bb32b38","name":"TEST: اختبار 014697","type":"quiz","class_id":"test-class-001","subject_id":"test-subject-001","max_score":100,"date":"2025-01-20"},"url":"https://errors.pydantic.dev/2.12/v/missing"},{"type":"missing","loc":["body","assessment_type"],"msg":"Field required","input":{"teacher_id":"3c374fbf-d8a3-461a-a97c-4b520bb32b38","name":"TEST: اختبار 014697","type":"quiz","class_id":"test-class-001","subject_id":"test-subject-001","max_score":100,"date":"2025-01-20"},"url":"https://errors.pydantic.dev/2.12/v/missing"}]}
E   assert 422 == 200
E    +  where 422 = &lt;Response [422]&gt;.status_code</failure></testcase></testsuite></testsuites>