<?xml version="1.0" encoding="utf-8"?><testsuites name="pytest tests"><testsuite name="pytest" errors="0" failures="5" skipped="0" tests="17" time="11.980" timestamp="2026-03-10T21:13:46.150014+00:00" hostname="agent-env-21310e14-bd2e-4de1-bfb3-a24e3d33906f"><testcase classname="backend.tests.test_dashboard_apis.TestDashboardAPIs" name="test_teacher_dashboard_api_exists" time="0.946" /><testcase classname="backend.tests.test_dashboard_apis.TestDashboardAPIs" name="test_teacher_dashboard_returns_correct_structure" time="0.762" /><testcase classname="backend.tests.test_dashboard_apis.TestDashboardAPIs" name="test_teacher_dashboard_invalid_id_returns_404" time="0.777" /><testcase classname="backend.tests.test_dashboard_apis.TestDashboardAPIs" name="test_teacher_dashboard_requires_auth" time="0.756"><failure message="AssertionError: Expected 401/403 without auth, got 404&#10;assert 404 in [401, 403]&#10; +  where 404 = &lt;Response [404]&gt;.status_code">backend/tests/test_dashboard_apis.py:106: in test_teacher_dashboard_requires_auth
    assert response.status_code in [401, 403], f"Expected 401/403 without auth, got {response.status_code}"
E   AssertionError: Expected 401/403 without auth, got 404
E   assert 404 in [401, 403]
E    +  where 404 = &lt;Response [404]&gt;.status_code</failure></testcase><testcase classname="backend.tests.test_dashboard_apis.TestDashboardAPIs" name="test_student_dashboard_api_exists" time="0.690" /><testcase classname="backend.tests.test_dashboard_apis.TestDashboardAPIs" name="test_student_dashboard_returns_correct_structure" time="0.839" /><testcase classname="backend.tests.test_dashboard_apis.TestDashboardAPIs" name="test_student_dashboard_invalid_id_returns_404" time="0.720" /><testcase classname="backend.tests.test_dashboard_apis.TestDashboardAPIs" name="test_student_dashboard_requires_auth" time="0.762"><failure message="AssertionError: Expected 401/403 without auth, got 404&#10;assert 404 in [401, 403]&#10; +  where 404 = &lt;Response [404]&gt;.status_code">backend/tests/test_dashboard_apis.py:162: in test_student_dashboard_requires_auth
    assert response.status_code in [401, 403], f"Expected 401/403 without auth, got {response.status_code}"
E   AssertionError: Expected 401/403 without auth, got 404
E   assert 404 in [401, 403]
E    +  where 404 = &lt;Response [404]&gt;.status_code</failure></testcase><testcase classname="backend.tests.test_dashboard_apis.TestDashboardAPIs" name="test_parent_dashboard_api_exists" time="0.717" /><testcase classname="backend.tests.test_dashboard_apis.TestDashboardAPIs" name="test_parent_dashboard_returns_correct_structure" time="0.714" /><testcase classname="backend.tests.test_dashboard_apis.TestDashboardAPIs" name="test_parent_dashboard_invalid_id_returns_404" time="0.738" /><testcase classname="backend.tests.test_dashboard_apis.TestDashboardAPIs" name="test_parent_dashboard_requires_auth" time="0.720"><failure message="AssertionError: Expected 401/403 without auth, got 404&#10;assert 404 in [401, 403]&#10; +  where 404 = &lt;Response [404]&gt;.status_code">backend/tests/test_dashboard_apis.py:213: in test_parent_dashboard_requires_auth
    assert response.status_code in [401, 403], f"Expected 401/403 without auth, got {response.status_code}"
E   AssertionError: Expected 401/403 without auth, got 404
E   assert 404 in [401, 403]
E    +  where 404 = &lt;Response [404]&gt;.status_code</failure></testcase><testcase classname="backend.tests.test_dashboard_apis.TestDashboardAPIs" name="test_contact_teacher_api_exists" time="0.689" /><testcase classname="backend.tests.test_dashboard_apis.TestDashboardAPIs" name="test_contact_teacher_requires_parent_role" time="0.728"><failure message="AssertionError: Expected 403/422 for non-parent user, got 404&#10;assert 404 in [403, 422]&#10; +  where 404 = &lt;Response [404]&gt;.status_code">backend/tests/test_dashboard_apis.py:239: in test_contact_teacher_requires_parent_role
    assert response.status_code in [403, 422], f"Expected 403/422 for non-parent user, got {response.status_code}"
E   AssertionError: Expected 403/422 for non-parent user, got 404
E   assert 404 in [403, 422]
E    +  where 404 = &lt;Response [404]&gt;.status_code</failure></testcase><testcase classname="backend.tests.test_dashboard_apis.TestDashboardAPIs" name="test_contact_teacher_requires_auth" time="0.892"><failure message="AssertionError: Expected 401/403 without auth, got 404&#10;assert 404 in [401, 403]&#10; +  where 404 = &lt;Response [404]&gt;.status_code">backend/tests/test_dashboard_apis.py:256: in test_contact_teacher_requires_auth
    assert response.status_code in [401, 403], f"Expected 401/403 without auth, got {response.status_code}"
E   AssertionError: Expected 401/403 without auth, got 404
E   assert 404 in [401, 403]
E    +  where 404 = &lt;Response [404]&gt;.status_code</failure></testcase><testcase classname="backend.tests.test_dashboard_apis.TestLandingPageText" name="test_landing_page_loads" time="0.165" /><testcase classname="backend.tests.test_dashboard_apis.TestLandingPageText" name="test_public_stats_api" time="0.131" /></testsuite></testsuites>