<?xml version="1.0" encoding="utf-8"?><testsuites name="pytest tests"><testsuite name="pytest" errors="0" failures="6" skipped="0" tests="12" time="1.444" timestamp="2026-03-09T22:57:58.733091+00:00" hostname="agent-env-6287cbc6-72a1-44a4-b8d1-773e13a83086"><testcase classname="tests.test_foundation_phase.TestPublicContactAPI" name="test_get_contact_info_no_auth" time="0.292" /><testcase classname="tests.test_foundation_phase.TestAcademicStagesAPI" name="test_seed_default_stages" time="0.486" /><testcase classname="tests.test_foundation_phase.TestAcademicStagesAPI" name="test_get_educational_stages" time="0.103" /><testcase classname="tests.test_foundation_phase.TestAcademicStagesAPI" name="test_seed_stages_requires_auth" time="0.112" /><testcase classname="tests.test_foundation_phase.TestAcademicStagesAPI" name="test_get_stages_requires_auth" time="0.161" /><testcase classname="tests.test_foundation_phase.TestEnginesExist" name="test_scheduling_engine_exists" time="0.004"><failure message="  File &quot;/app/backend/engines/identity_engine.py&quot;, line 292&#10;    removed_by: str&#10;    ^^^^^^^^^^^^^^^&#10;SyntaxError: non-default argument follows default argument">tests/test_foundation_phase.py:163: in test_scheduling_engine_exists
    from engines.scheduling_engine import SchedulingEngine, ScheduleStatus, SessionStatus, DayOfWeek
engines/__init__.py:9: in &lt;module&gt;
    from engines.identity_engine import IdentityEngine
E     File "/app/backend/engines/identity_engine.py", line 292
E       removed_by: str
E       ^^^^^^^^^^^^^^^
E   SyntaxError: non-default argument follows default argument</failure></testcase><testcase classname="tests.test_foundation_phase.TestEnginesExist" name="test_attendance_engine_exists" time="0.002"><failure message="  File &quot;/app/backend/engines/identity_engine.py&quot;, line 292&#10;    removed_by: str&#10;    ^^^^^^^^^^^^^^^&#10;SyntaxError: non-default argument follows default argument">tests/test_foundation_phase.py:185: in test_attendance_engine_exists
    from engines.attendance_engine import AttendanceEngine, AttendanceStatus, ExcuseType
engines/__init__.py:9: in &lt;module&gt;
    from engines.identity_engine import IdentityEngine
E     File "/app/backend/engines/identity_engine.py", line 292
E       removed_by: str
E       ^^^^^^^^^^^^^^^
E   SyntaxError: non-default argument follows default argument</failure></testcase><testcase classname="tests.test_foundation_phase.TestEnginesExist" name="test_assessment_engine_exists" time="0.002"><failure message="  File &quot;/app/backend/engines/identity_engine.py&quot;, line 292&#10;    removed_by: str&#10;    ^^^^^^^^^^^^^^^&#10;SyntaxError: non-default argument follows default argument">tests/test_foundation_phase.py:206: in test_assessment_engine_exists
    from engines.assessment_engine import AssessmentEngine, AssessmentType, GradeScale
engines/__init__.py:9: in &lt;module&gt;
    from engines.identity_engine import IdentityEngine
E     File "/app/backend/engines/identity_engine.py", line 292
E       removed_by: str
E       ^^^^^^^^^^^^^^^
E   SyntaxError: non-default argument follows default argument</failure></testcase><testcase classname="tests.test_foundation_phase.TestEnginesExist" name="test_notification_engine_exists" time="0.002"><failure message="  File &quot;/app/backend/engines/identity_engine.py&quot;, line 292&#10;    removed_by: str&#10;    ^^^^^^^^^^^^^^^&#10;SyntaxError: non-default argument follows default argument">tests/test_foundation_phase.py:227: in test_notification_engine_exists
    from engines.notification_engine import (
engines/__init__.py:9: in &lt;module&gt;
    from engines.identity_engine import IdentityEngine
E     File "/app/backend/engines/identity_engine.py", line 292
E       removed_by: str
E       ^^^^^^^^^^^^^^^
E   SyntaxError: non-default argument follows default argument</failure></testcase><testcase classname="tests.test_foundation_phase.TestEnginesExist" name="test_audit_engine_exists" time="0.002"><failure message="  File &quot;/app/backend/engines/identity_engine.py&quot;, line 292&#10;    removed_by: str&#10;    ^^^^^^^^^^^^^^^&#10;SyntaxError: non-default argument follows default argument">tests/test_foundation_phase.py:255: in test_audit_engine_exists
    from engines.audit_engine import AuditLogEngine, AuditAction, AuditSeverity
engines/__init__.py:9: in &lt;module&gt;
    from engines.identity_engine import IdentityEngine
E     File "/app/backend/engines/identity_engine.py", line 292
E       removed_by: str
E       ^^^^^^^^^^^^^^^
E   SyntaxError: non-default argument follows default argument</failure></testcase><testcase classname="tests.test_foundation_phase.TestEnginesExist" name="test_engines_init_exports" time="0.002"><failure message="  File &quot;/app/backend/engines/identity_engine.py&quot;, line 292&#10;    removed_by: str&#10;    ^^^^^^^^^^^^^^^&#10;SyntaxError: non-default argument follows default argument">tests/test_foundation_phase.py:276: in test_engines_init_exports
    from engines import (
engines/__init__.py:9: in &lt;module&gt;
    from engines.identity_engine import IdentityEngine
E     File "/app/backend/engines/identity_engine.py", line 292
E       removed_by: str
E       ^^^^^^^^^^^^^^^
E   SyntaxError: non-default argument follows default argument</failure></testcase><testcase classname="tests.test_foundation_phase.TestHealthCheck" name="test_api_root" time="0.111" /></testsuite></testsuites>