<?xml version="1.0" encoding="utf-8"?><testsuites name="pytest tests"><testsuite name="pytest" errors="0" failures="2" skipped="0" tests="21" time="10.015" timestamp="2026-03-12T15:10:32.388814+00:00" hostname="agent-env-92543b0a-2359-4eab-b80a-603aaecca322"><testcase classname="tests.test_seed_data_verification.TestAuthentication" name="test_principal1_login" time="0.610" /><testcase classname="tests.test_seed_data_verification.TestAuthentication" name="test_principal4_login" time="0.338" /><testcase classname="tests.test_seed_data_verification.TestAuthentication" name="test_admin_login" time="0.365" /><testcase classname="tests.test_seed_data_verification.TestSchool001Data" name="test_teachers_count" time="0.461" /><testcase classname="tests.test_seed_data_verification.TestSchool001Data" name="test_teachers_names" time="0.477" /><testcase classname="tests.test_seed_data_verification.TestSchool001Data" name="test_students_count" time="0.488" /><testcase classname="tests.test_seed_data_verification.TestSchool001Data" name="test_students_have_full_name" time="0.503" /><testcase classname="tests.test_seed_data_verification.TestSchool001Data" name="test_classes_count" time="0.495" /><testcase classname="tests.test_seed_data_verification.TestSchool001Data" name="test_classes_names" time="0.466" /><testcase classname="tests.test_seed_data_verification.TestSchool001Data" name="test_school_settings" time="0.478" /><testcase classname="tests.test_seed_data_verification.TestSchool001Data" name="test_school_dashboard" time="0.472" /><testcase classname="tests.test_seed_data_verification.TestSchool002Data" name="test_teachers_count" time="0.484" /><testcase classname="tests.test_seed_data_verification.TestSchool002Data" name="test_teachers_names" time="0.463"><failure message="AssertionError: Teacher يوسف العمري not found&#10;assert 'يوسف العمري' in ['يوسف عادل', 'هبة عبد العزيز', 'إبراهيم حسن', 'آلاء كمال', 'محمد جابر']">tests/test_seed_data_verification.py:195: in test_teachers_names
    assert name in teacher_names, f"Teacher {name} not found"
E   AssertionError: Teacher يوسف العمري not found
E   assert 'يوسف العمري' in ['يوسف عادل', 'هبة عبد العزيز', 'إبراهيم حسن', 'آلاء كمال', 'محمد جابر']</failure></testcase><testcase classname="tests.test_seed_data_verification.TestSchool002Data" name="test_students_count" time="0.465" /><testcase classname="tests.test_seed_data_verification.TestSchool002Data" name="test_classes_count" time="0.447" /><testcase classname="tests.test_seed_data_verification.TestSchool002Data" name="test_school_settings" time="0.461" /><testcase classname="tests.test_seed_data_verification.TestTimeSlots" name="test_time_slots_exist" time="0.462" /><testcase classname="tests.test_seed_data_verification.TestTimeSlots" name="test_time_slots_structure" time="0.443"><failure message="AssertionError: assert 'type' in {'created_at': '2026-03-12T15:01:55.055895+00:00', 'duration_minutes': 45, 'end_time': '07:45', 'id': '1b23bad1-7559-4a3a-83db-47f2cf2ecb0a', ...}">tests/test_seed_data_verification.py:266: in test_time_slots_structure
    assert "type" in slot
E   AssertionError: assert 'type' in {'created_at': '2026-03-12T15:01:55.055895+00:00', 'duration_minutes': 45, 'end_time': '07:45', 'id': '1b23bad1-7559-4a3a-83db-47f2cf2ecb0a', ...}</failure></testcase><testcase classname="tests.test_seed_data_verification.TestScheduleAPI" name="test_schedules_endpoint" time="0.471" /><testcase classname="tests.test_seed_data_verification.TestDashboardStats" name="test_dashboard_stats" time="0.476" /><testcase classname="tests.test_seed_data_verification.TestDashboardStats" name="test_super_admin_dashboard_stats" time="0.455" /></testsuite></testsuites>