<?xml version="1.0" encoding="utf-8"?><testsuites name="pytest tests"><testsuite name="pytest" errors="0" failures="1" skipped="0" tests="12" time="5.224" timestamp="2026-03-11T12:38:40.226213+00:00" hostname="agent-env-fa60a3a8-a801-42b9-b001-240364d67047"><testcase classname="backend.tests.test_iteration_48_dashboard.TestAuthenticationAPIs" name="test_platform_admin_login" time="0.497" /><testcase classname="backend.tests.test_iteration_48_dashboard.TestAuthenticationAPIs" name="test_school_principal_login_nor" time="0.338" /><testcase classname="backend.tests.test_iteration_48_dashboard.TestAuthenticationAPIs" name="test_school_principal_login_amal" time="0.353"><failure message="AssertionError: assert 'school-aml-002' == 'school-amal-002'&#10;  &#10;  - school-amal-002&#10;  ?          -&#10;  + school-aml-002">backend/tests/test_iteration_48_dashboard.py:54: in test_school_principal_login_amal
    assert data["user"]["tenant_id"] == "school-amal-002"
E   AssertionError: assert 'school-aml-002' == 'school-amal-002'
E     
E     - school-amal-002
E     ?          -
E     + school-aml-002</failure></testcase><testcase classname="backend.tests.test_iteration_48_dashboard.TestAuthenticationAPIs" name="test_teacher_login" time="0.331" /><testcase classname="backend.tests.test_iteration_48_dashboard.TestAuthenticationAPIs" name="test_student_login" time="0.331" /><testcase classname="backend.tests.test_iteration_48_dashboard.TestPublicStatsAPI" name="test_public_stats_returns_real_data" time="0.146" /><testcase classname="backend.tests.test_iteration_48_dashboard.TestSchoolDashboardAPI" name="test_school_dashboard_returns_real_metrics" time="0.527" /><testcase classname="backend.tests.test_iteration_48_dashboard.TestSchoolDashboardAPI" name="test_school_dashboard_attendance_data" time="0.496" /><testcase classname="backend.tests.test_iteration_48_dashboard.TestSchoolDashboardAPI" name="test_school_dashboard_dynamic_alerts" time="0.481" /><testcase classname="backend.tests.test_iteration_48_dashboard.TestSchoolDashboardAPI" name="test_school_dashboard_interventions" time="0.489" /><testcase classname="backend.tests.test_iteration_48_dashboard.TestSchoolDashboardAPI" name="test_school_dashboard_requires_auth" time="0.144" /><testcase classname="backend.tests.test_iteration_48_dashboard.TestMultiTenantIsolation" name="test_different_schools_different_data" time="0.959" /></testsuite></testsuites>