<?xml version="1.0" encoding="utf-8"?><testsuites name="pytest tests"><testsuite name="pytest" errors="0" failures="1" skipped="0" tests="18" time="7.123" timestamp="2026-03-09T21:39:27.087395+00:00" hostname="agent-env-920bf09b-1939-4ba4-8ddb-96b005801bd1"><testcase classname="tests.test_platform_settings.TestPlatformSettingsAuth" name="test_login_success" time="0.504" /><testcase classname="tests.test_platform_settings.TestGetPlatformSettings" name="test_get_platform_settings_success" time="0.521"><failure message="AssertionError: assert 'brand' in {'general': {'ai_features': True, 'browser_title': 'نَسَّق - منصة إدارة المدارس الذكية', 'date_format': 'hijri', 'default_language': 'ar', ...}, 'updated_at': '2026-03-09T21:33:18.957733+00:00'}">tests/test_platform_settings.py:70: in test_get_platform_settings_success
    assert "brand" in data
E   AssertionError: assert 'brand' in {'general': {'ai_features': True, 'browser_title': 'نَسَّق - منصة إدارة المدارس الذكية', 'date_format': 'hijri', 'default_language': 'ar', ...}, 'updated_at': '2026-03-09T21:33:18.957733+00:00'}</failure></testcase><testcase classname="tests.test_platform_settings.TestGetPlatformSettings" name="test_get_platform_settings_unauthorized" time="0.107" /><testcase classname="tests.test_platform_settings.TestUpdateGeneralSettings" name="test_update_general_settings" time="0.491" /><testcase classname="tests.test_platform_settings.TestUpdateGeneralSettings" name="test_verify_general_settings_persisted" time="0.154" /><testcase classname="tests.test_platform_settings.TestUpdateBrandSettings" name="test_update_brand_settings" time="0.443" /><testcase classname="tests.test_platform_settings.TestUpdateContactSettings" name="test_update_contact_settings" time="0.453" /><testcase classname="tests.test_platform_settings.TestUpdateTermsSettings" name="test_update_terms_settings" time="0.520" /><testcase classname="tests.test_platform_settings.TestUpdatePrivacySettings" name="test_update_privacy_settings" time="0.488" /><testcase classname="tests.test_platform_settings.TestUpdateSecuritySettings" name="test_update_security_settings" time="0.509" /><testcase classname="tests.test_platform_settings.TestAPIKeysManagement" name="test_create_api_key" time="0.791" /><testcase classname="tests.test_platform_settings.TestAPIKeysManagement" name="test_get_api_keys" time="0.140" /><testcase classname="tests.test_platform_settings.TestAPIKeysManagement" name="test_revoke_api_key" time="0.574" /><testcase classname="tests.test_platform_settings.TestAPIKeysManagement" name="test_revoke_nonexistent_key" time="0.140" /><testcase classname="tests.test_platform_settings.TestLegalVersionHistory" name="test_get_terms_version_history" time="0.452" /><testcase classname="tests.test_platform_settings.TestLegalVersionHistory" name="test_get_privacy_version_history" time="0.109" /><testcase classname="tests.test_platform_settings.TestLegalVersionHistory" name="test_invalid_doc_type" time="0.104" /><testcase classname="tests.test_platform_settings.TestIntegrationsPage" name="test_get_integrations" time="0.466" /></testsuite></testsuites>