<?xml version="1.0" encoding="utf-8"?><testsuites name="pytest tests"><testsuite name="pytest" errors="0" failures="0" skipped="0" tests="18" time="25.228" timestamp="2026-03-08T15:52:18.312647+00:00" hostname="agent-env-c6be1554-c9c6-4a90-b9f1-50cf8e98d4ac"><testcase classname="backend.tests.test_nassaq_api.TestHealthCheck" name="test_api_root" time="0.192" /><testcase classname="backend.tests.test_nassaq_api.TestAuthentication" name="test_login_success" time="0.365" /><testcase classname="backend.tests.test_nassaq_api.TestAuthentication" name="test_login_invalid_credentials" time="0.109" /><testcase classname="backend.tests.test_nassaq_api.TestAuthentication" name="test_login_missing_fields" time="0.138" /><testcase classname="backend.tests.test_nassaq_api.TestAuthentication" name="test_get_current_user" time="0.475" /><testcase classname="backend.tests.test_nassaq_api.TestAuthentication" name="test_get_current_user_invalid_token" time="0.109" /><testcase classname="backend.tests.test_nassaq_api.TestRegistrationRequests" name="test_create_school_registration_request" time="0.113" /><testcase classname="backend.tests.test_nassaq_api.TestRegistrationRequests" name="test_create_teacher_registration_request" time="0.106" /><testcase classname="backend.tests.test_nassaq_api.TestRegistrationRequests" name="test_get_registration_requests_admin" time="0.475" /><testcase classname="backend.tests.test_nassaq_api.TestRegistrationRequests" name="test_get_registration_requests_unauthorized" time="0.139" /><testcase classname="backend.tests.test_nassaq_api.TestDashboardStats" name="test_get_dashboard_stats" time="0.459" /><testcase classname="backend.tests.test_nassaq_api.TestDashboardStats" name="test_get_dashboard_stats_unauthorized" time="0.107" /><testcase classname="backend.tests.test_nassaq_api.TestSchools" name="test_get_schools_admin" time="0.468" /><testcase classname="backend.tests.test_nassaq_api.TestSchools" name="test_create_school_admin" time="0.439" /><testcase classname="backend.tests.test_nassaq_api.TestSchools" name="test_get_schools_unauthorized" time="0.115" /><testcase classname="backend.tests.test_nassaq_api.TestHakimAI" name="test_hakim_chat" time="5.407" /><testcase classname="backend.tests.test_nassaq_api.TestHakimAI" name="test_hakim_chat_with_context" time="15.758" /><testcase classname="backend.tests.test_nassaq_api.TestSeedData" name="test_seed_admin" time="0.154" /></testsuite></testsuites>