<?xml version="1.0" encoding="utf-8"?><testsuites name="pytest tests"><testsuite name="pytest" errors="0" failures="1" skipped="0" tests="18" time="9.333" timestamp="2026-03-10T22:15:11.391708+00:00" hostname="agent-env-21310e14-bd2e-4de1-bfb3-a24e3d33906f"><testcase classname="tests.test_user_creation_and_student_wizard.TestAuthentication" name="test_admin_login" time="0.507" /><testcase classname="tests.test_user_creation_and_student_wizard.TestAuthentication" name="test_principal_login" time="0.342" /><testcase classname="tests.test_user_creation_and_student_wizard.TestUserCreationAPI" name="test_create_user_endpoint_exists" time="0.489" /><testcase classname="tests.test_user_creation_and_student_wizard.TestUserCreationAPI" name="test_create_user_requires_auth" time="0.116" /><testcase classname="tests.test_user_creation_and_student_wizard.TestUserCreationAPI" name="test_create_user_validation" time="0.470" /><testcase classname="tests.test_user_creation_and_student_wizard.TestUserCreationAPI" name="test_create_platform_user_success" time="0.470"><failure message="AssertionError: User creation failed: {&quot;detail&quot;:&quot;رقم الهاتف مستخدم مسبقاً&quot;}&#10;assert False">tests/test_user_creation_and_student_wizard.py:145: in test_create_platform_user_success
    assert False, f"User creation failed: {response.text}"
E   AssertionError: User creation failed: {"detail":"رقم الهاتف مستخدم مسبقاً"}
E   assert False</failure></testcase><testcase classname="tests.test_user_creation_and_student_wizard.TestStudentWizardAPI" name="test_student_wizard_create_endpoint_exists" time="0.453" /><testcase classname="tests.test_user_creation_and_student_wizard.TestStudentWizardAPI" name="test_student_wizard_check_parent_endpoint_exists" time="0.463" /><testcase classname="tests.test_user_creation_and_student_wizard.TestStudentWizardAPI" name="test_check_parent_no_match" time="0.490" /><testcase classname="tests.test_user_creation_and_student_wizard.TestStudentWizardAPI" name="test_create_student_requires_auth" time="0.128" /><testcase classname="tests.test_user_creation_and_student_wizard.TestStudentWizardAPI" name="test_create_student_validation" time="0.460" /><testcase classname="tests.test_user_creation_and_student_wizard.TestStudentWizardAPI" name="test_create_student_with_parent_success" time="0.954" /><testcase classname="tests.test_user_creation_and_student_wizard.TestStudentWizardAPI" name="test_create_student_sibling_detection" time="1.380" /><testcase classname="tests.test_user_creation_and_student_wizard.TestUsersManagementPage" name="test_get_users_list" time="0.509" /><testcase classname="tests.test_user_creation_and_student_wizard.TestUsersManagementPage" name="test_get_user_roles" time="0.529" /><testcase classname="tests.test_user_creation_and_student_wizard.TestStudentsManagementPage" name="test_get_students_list" time="0.503" /><testcase classname="tests.test_user_creation_and_student_wizard.TestStudentsManagementPage" name="test_get_grades_list" time="0.465" /><testcase classname="tests.test_user_creation_and_student_wizard.TestStudentsManagementPage" name="test_get_classes_list" time="0.502" /></testsuite></testsuites>