<?xml version="1.0" encoding="utf-8"?><testsuites name="pytest tests"><testsuite name="pytest" errors="0" failures="2" skipped="0" tests="13" time="4.784" timestamp="2026-03-13T18:08:32.506246+00:00" hostname="agent-env-a51dd234-e9b8-4455-ac9f-7349869e5a00"><testcase classname="backend.tests.test_iteration_81.TestAuthentication" name="test_login_success" time="0.556" /><testcase classname="backend.tests.test_iteration_81.TestStudentEditWithoutEmail" name="test_get_students_list" time="0.452" /><testcase classname="backend.tests.test_iteration_81.TestStudentEditWithoutEmail" name="test_update_student_without_email" time="0.388" /><testcase classname="backend.tests.test_iteration_81.TestStudentEditWithoutEmail" name="test_update_student_with_empty_string_email_should_be_ignored" time="0.274" /><testcase classname="backend.tests.test_iteration_81.TestStudentEditWithoutEmail" name="test_update_student_with_valid_email" time="0.366" /><testcase classname="backend.tests.test_iteration_81.TestTeacherAssignmentsTab" name="test_get_teachers_list" time="0.465" /><testcase classname="backend.tests.test_iteration_81.TestTeacherAssignmentsTab" name="test_get_subjects_list" time="0.140" /><testcase classname="backend.tests.test_iteration_81.TestTeacherAssignmentsTab" name="test_get_teacher_assignments" time="0.148" /><testcase classname="backend.tests.test_iteration_81.TestTeacherAssignmentsTab" name="test_create_teacher_assignment" time="0.524"><failure message="AssertionError: Unexpected status: 422&#10;assert 422 in [200, 201, 400, 409]&#10; +  where 422 = &lt;Response [422]&gt;.status_code">backend/tests/test_iteration_81.py:241: in test_create_teacher_assignment
    assert response.status_code in [200, 201, 400, 409], f"Unexpected status: {response.status_code}"
E   AssertionError: Unexpected status: 422
E   assert 422 in [200, 201, 400, 409]
E    +  where 422 = &lt;Response [422]&gt;.status_code</failure></testcase><testcase classname="backend.tests.test_iteration_81.TestClassesTab" name="test_get_classes_list" time="0.503" /><testcase classname="backend.tests.test_iteration_81.TestClassesTab" name="test_classes_have_required_fields" time="0.146" /><testcase classname="backend.tests.test_iteration_81.TestSchoolSettingsAPIs" name="test_get_school_settings" time="0.566" /><testcase classname="backend.tests.test_iteration_81.TestSchoolSettingsAPIs" name="test_get_official_curriculum_stats" time="0.124"><failure message="AssertionError: Should have stages_count&#10;assert 'stages_count' in {'grade_subject_mappings': 394, 'grades': 29, 'is_locked': True, 'is_official': True, ...}">backend/tests/test_iteration_81.py:339: in test_get_official_curriculum_stats
    assert "stages_count" in stats, "Should have stages_count"
E   AssertionError: Should have stages_count
E   assert 'stages_count' in {'grade_subject_mappings': 394, 'grades': 29, 'is_locked': True, 'is_official': True, ...}</failure></testcase></testsuite></testsuites>