<?xml version="1.0" encoding="utf-8"?><testsuites name="pytest tests"><testsuite name="pytest" errors="0" failures="2" skipped="0" tests="18" time="9.519" timestamp="2026-03-10T22:12:36.949840+00:00" hostname="agent-env-21310e14-bd2e-4de1-bfb3-a24e3d33906f"><testcase classname="tests.test_user_creation_and_student_wizard.TestAuthentication" name="test_admin_login" time="0.559" /><testcase classname="tests.test_user_creation_and_student_wizard.TestAuthentication" name="test_principal_login" time="0.346" /><testcase classname="tests.test_user_creation_and_student_wizard.TestUserCreationAPI" name="test_create_user_endpoint_exists" time="0.498" /><testcase classname="tests.test_user_creation_and_student_wizard.TestUserCreationAPI" name="test_create_user_requires_auth" time="0.177" /><testcase classname="tests.test_user_creation_and_student_wizard.TestUserCreationAPI" name="test_create_user_validation" time="0.476" /><testcase classname="tests.test_user_creation_and_student_wizard.TestUserCreationAPI" name="test_create_platform_user_success" time="0.769" /><testcase classname="tests.test_user_creation_and_student_wizard.TestStudentWizardAPI" name="test_student_wizard_create_endpoint_exists" time="0.471" /><testcase classname="tests.test_user_creation_and_student_wizard.TestStudentWizardAPI" name="test_student_wizard_check_parent_endpoint_exists" time="0.478" /><testcase classname="tests.test_user_creation_and_student_wizard.TestStudentWizardAPI" name="test_check_parent_no_match" time="0.526" /><testcase classname="tests.test_user_creation_and_student_wizard.TestStudentWizardAPI" name="test_create_student_requires_auth" time="0.122" /><testcase classname="tests.test_user_creation_and_student_wizard.TestStudentWizardAPI" name="test_create_student_validation" time="0.548" /><testcase classname="tests.test_user_creation_and_student_wizard.TestStudentWizardAPI" name="test_create_student_with_parent_success" time="0.516"><failure message="AssertionError: Student creation failed: {&quot;detail&quot;:[{&quot;type&quot;:&quot;value_error&quot;,&quot;loc&quot;:[&quot;body&quot;,&quot;email&quot;],&quot;msg&quot;:&quot;value is not a valid email address: The part after the @-sign is a special-use or reserved name that cannot be used with email.&quot;,&quot;input&quot;:&quot;test_student_f1872983@nassaq.local&quot;,&quot;ctx&quot;:{&quot;reason&quot;:&quot;The part after the @-sign is a special-use or reserved name that cannot be used with email.&quot;}},{&quot;type&quot;:&quot;value_error&quot;,&quot;loc&quot;:[&quot;body&quot;,&quot;parent&quot;,&quot;email&quot;],&quot;msg&quot;:&quot;value is not a valid email address: The part after the @-sign is a special-use or reserved name that cannot be used with email.&quot;,&quot;input&quot;:&quot;test_parent_f1872983@nassaq.local&quot;,&quot;ctx&quot;:{&quot;reason&quot;:&quot;The part after the @-sign is a special-use or reserved name that cannot be used with email.&quot;}}]}&#10;assert False">tests/test_user_creation_and_student_wizard.py:272: in test_create_student_with_parent_success
    assert False, f"Student creation failed: {response.text}"
E   AssertionError: Student creation failed: {"detail":[{"type":"value_error","loc":["body","email"],"msg":"value is not a valid email address: The part after the @-sign is a special-use or reserved name that cannot be used with email.","input":"test_student_f1872983@nassaq.local","ctx":{"reason":"The part after the @-sign is a special-use or reserved name that cannot be used with email."}},{"type":"value_error","loc":["body","parent","email"],"msg":"value is not a valid email address: The part after the @-sign is a special-use or reserved name that cannot be used with email.","input":"test_parent_f1872983@nassaq.local","ctx":{"reason":"The part after the @-sign is a special-use or reserved name that cannot be used with email."}}]}
E   assert False</failure></testcase><testcase classname="tests.test_user_creation_and_student_wizard.TestStudentWizardAPI" name="test_create_student_sibling_detection" time="1.510" /><testcase classname="tests.test_user_creation_and_student_wizard.TestUsersManagementPage" name="test_get_users_list" time="0.496"><failure message="AssertionError: Get users failed: Internal Server Error&#10;assert 500 == 200&#10; +  where 500 = &lt;Response [500]&gt;.status_code">tests/test_user_creation_and_student_wizard.py:345: in test_get_users_list
    assert response.status_code == 200, f"Get users failed: {response.text}"
E   AssertionError: Get users failed: Internal Server Error
E   assert 500 == 200
E    +  where 500 = &lt;Response [500]&gt;.status_code</failure></testcase><testcase classname="tests.test_user_creation_and_student_wizard.TestUsersManagementPage" name="test_get_user_roles" time="0.523" /><testcase classname="tests.test_user_creation_and_student_wizard.TestStudentsManagementPage" name="test_get_students_list" time="0.482" /><testcase classname="tests.test_user_creation_and_student_wizard.TestStudentsManagementPage" name="test_get_grades_list" time="0.453" /><testcase classname="tests.test_user_creation_and_student_wizard.TestStudentsManagementPage" name="test_get_classes_list" time="0.448" /></testsuite></testsuites>