<?xml version="1.0" encoding="utf-8"?><testsuites name="pytest tests"><testsuite name="pytest" errors="0" failures="1" skipped="0" tests="18" time="6.480" timestamp="2026-03-09T23:14:54.302716+00:00" hostname="agent-env-6287cbc6-72a1-44a4-b8d1-773e13a83086"><testcase classname="tests.test_new_routers.TestNewRouters" name="test_scheduling_schedules_endpoint_exists" time="0.481" /><testcase classname="tests.test_new_routers.TestNewRouters" name="test_scheduling_time_slots_endpoint_exists" time="0.419" /><testcase classname="tests.test_new_routers.TestNewRouters" name="test_scheduling_seed_time_slots_requires_tenant" time="0.418" /><testcase classname="tests.test_new_routers.TestNewRouters" name="test_attendance_low_attendance_alerts_endpoint" time="0.400" /><testcase classname="tests.test_new_routers.TestNewRouters" name="test_attendance_consecutive_absences_endpoint" time="0.418" /><testcase classname="tests.test_new_routers.TestNewRouters" name="test_assessments_list_endpoint" time="0.388" /><testcase classname="tests.test_new_routers.TestNewRouters" name="test_assessments_grade_weights_endpoint" time="0.414" /><testcase classname="tests.test_new_routers.TestNewRouters" name="test_audit_stats_endpoint" time="0.407" /><testcase classname="tests.test_new_routers.TestNewRouters" name="test_audit_critical_events_endpoint" time="0.394" /><testcase classname="tests.test_new_routers.TestNewRouters" name="test_audit_logs_endpoint" time="0.448"><failure message="AssertionError: Unexpected status: 500, body: Internal Server Error&#10;assert 500 == 200&#10; +  where 500 = &lt;Response [500]&gt;.status_code">tests/test_new_routers.py:169: in test_audit_logs_endpoint
    assert response.status_code == 200, f"Unexpected status: {response.status_code}, body: {response.text}"
E   AssertionError: Unexpected status: 500, body: Internal Server Error
E   assert 500 == 200
E    +  where 500 = &lt;Response [500]&gt;.status_code</failure></testcase><testcase classname="tests.test_new_routers.TestNewRouters" name="test_audit_login_analytics_endpoint" time="0.388" /><testcase classname="tests.test_new_routers.TestRouterAuthentication" name="test_scheduling_requires_auth" time="0.105" /><testcase classname="tests.test_new_routers.TestRouterAuthentication" name="test_attendance_requires_auth" time="0.120" /><testcase classname="tests.test_new_routers.TestRouterAuthentication" name="test_assessments_requires_auth" time="0.132" /><testcase classname="tests.test_new_routers.TestRouterAuthentication" name="test_audit_requires_auth" time="0.146" /><testcase classname="tests.test_new_routers.TestRouterRoleAccess" name="test_audit_stats_platform_admin_access" time="0.426" /><testcase classname="tests.test_new_routers.TestRouterRoleAccess" name="test_audit_critical_events_platform_admin_access" time="0.392" /><testcase classname="tests.test_new_routers.TestRouterRoleAccess" name="test_audit_export_platform_admin_access" time="0.495" /></testsuite></testsuites>