<?xml version="1.0" encoding="utf-8"?><testsuites name="pytest tests"><testsuite name="pytest" errors="0" failures="1" skipped="0" tests="18" time="8.367" timestamp="2026-03-10T01:57:25.728103+00:00" hostname="agent-env-f68f36b8-80e2-40dc-b0ed-ff8b00c3d06c"><testcase classname="tests.test_teacher_wizard_api.TestAccountLogins" name="test_account_login[Admin]" time="0.581" /><testcase classname="tests.test_teacher_wizard_api.TestAccountLogins" name="test_account_login[Principal]" time="0.360" /><testcase classname="tests.test_teacher_wizard_api.TestAccountLogins" name="test_account_login[Teacher]" time="0.368" /><testcase classname="tests.test_teacher_wizard_api.TestAccountLogins" name="test_account_login[Student]" time="0.341" /><testcase classname="tests.test_teacher_wizard_api.TestAccountLogins" name="test_account_login[Parent]" time="0.333" /><testcase classname="tests.test_teacher_wizard_api.TestAccountLogins" name="test_account_login[Independent Teacher]" time="0.353" /><testcase classname="tests.test_teacher_wizard_api.TestTeacherOptionsEndpoints" name="test_get_subjects" time="0.515" /><testcase classname="tests.test_teacher_wizard_api.TestTeacherOptionsEndpoints" name="test_get_grades" time="0.510" /><testcase classname="tests.test_teacher_wizard_api.TestTeacherOptionsEndpoints" name="test_get_academic_degrees" time="0.453" /><testcase classname="tests.test_teacher_wizard_api.TestTeacherOptionsEndpoints" name="test_get_teacher_ranks" time="0.481" /><testcase classname="tests.test_teacher_wizard_api.TestTeacherOptionsEndpoints" name="test_get_contract_types" time="0.455" /><testcase classname="tests.test_teacher_wizard_api.TestTeacherOptionsEndpoints" name="test_get_nationalities" time="0.488" /><testcase classname="tests.test_teacher_wizard_api.TestTeacherCreation" name="test_create_teacher_full_flow" time="0.688" /><testcase classname="tests.test_teacher_wizard_api.TestTeacherCreation" name="test_validate_national_id" time="0.458" /><testcase classname="tests.test_teacher_wizard_api.TestTeacherCreation" name="test_validate_email" time="0.460" /><testcase classname="tests.test_teacher_wizard_api.TestTeacherCreation" name="test_list_teachers" time="0.493" /><testcase classname="tests.test_teacher_wizard_api.TestPrincipalDashboard" name="test_principal_auth_me" time="0.441" /><testcase classname="tests.test_teacher_wizard_api.TestPrincipalDashboard" name="test_notifications_unread_count" time="0.444"><failure message="AssertionError: No count in response&#10;assert 'count' in {'unread_count': 0}">tests/test_teacher_wizard_api.py:300: in test_notifications_unread_count
    assert "count" in data, "No count in response"
E   AssertionError: No count in response
E   assert 'count' in {'unread_count': 0}</failure></testcase></testsuite></testsuites>