<?xml version="1.0" encoding="utf-8"?><testsuites name="pytest tests"><testsuite name="pytest" errors="0" failures="1" skipped="0" tests="21" time="5.382" timestamp="2026-03-09T20:24:31.448748+00:00" hostname="agent-env-98425373-a38d-4235-bdca-ccec9d80c78c"><testcase classname="backend.tests.test_user_integrations_analytics.TestAuth" name="test_login_success" time="0.493" /><testcase classname="backend.tests.test_user_integrations_analytics.TestUserManagement" name="test_get_user_by_id" time="0.696" /><testcase classname="backend.tests.test_user_integrations_analytics.TestUserManagement" name="test_update_user" time="0.125" /><testcase classname="backend.tests.test_user_integrations_analytics.TestUserManagement" name="test_update_user_permissions" time="0.110" /><testcase classname="backend.tests.test_user_integrations_analytics.TestUserManagement" name="test_reset_password" time="0.347" /><testcase classname="backend.tests.test_user_integrations_analytics.TestUserManagement" name="test_suspend_user" time="0.157" /><testcase classname="backend.tests.test_user_integrations_analytics.TestUserManagement" name="test_send_notification" time="0.127" /><testcase classname="backend.tests.test_user_integrations_analytics.TestUserManagement" name="test_get_user_activity" time="0.120" /><testcase classname="backend.tests.test_user_integrations_analytics.TestIntegrations" name="test_get_integrations" time="0.471" /><testcase classname="backend.tests.test_user_integrations_analytics.TestIntegrations" name="test_create_integration" time="0.183" /><testcase classname="backend.tests.test_user_integrations_analytics.TestIntegrations" name="test_get_integration_by_id" time="0.281" /><testcase classname="backend.tests.test_user_integrations_analytics.TestIntegrations" name="test_update_integration" time="0.114"><failure message="AssertionError: Failed to update integration: {&quot;detail&quot;:[{&quot;type&quot;:&quot;missing&quot;,&quot;loc&quot;:[&quot;body&quot;,&quot;type&quot;],&quot;msg&quot;:&quot;Field required&quot;,&quot;input&quot;:{&quot;name&quot;:&quot;TEST_Updated_Integration&quot;,&quot;description&quot;:&quot;تكامل محدث&quot;},&quot;url&quot;:&quot;https://errors.pydantic.dev/2.12/v/missing&quot;}]}&#10;assert 422 in [200, 404]&#10; +  where 422 = &lt;Response [422]&gt;.status_code">backend/tests/test_user_integrations_analytics.py:293: in test_update_integration
    assert response.status_code in [200, 404], f"Failed to update integration: {response.text}"
E   AssertionError: Failed to update integration: {"detail":[{"type":"missing","loc":["body","type"],"msg":"Field required","input":{"name":"TEST_Updated_Integration","description":"تكامل محدث"},"url":"https://errors.pydantic.dev/2.12/v/missing"}]}
E   assert 422 in [200, 404]
E    +  where 422 = &lt;Response [422]&gt;.status_code</failure></testcase><testcase classname="backend.tests.test_user_integrations_analytics.TestIntegrations" name="test_toggle_integration" time="0.117" /><testcase classname="backend.tests.test_user_integrations_analytics.TestIntegrations" name="test_test_connection" time="0.110" /><testcase classname="backend.tests.test_user_integrations_analytics.TestIntegrations" name="test_sync_integration" time="0.127" /><testcase classname="backend.tests.test_user_integrations_analytics.TestIntegrations" name="test_get_integration_logs" time="0.129" /><testcase classname="backend.tests.test_user_integrations_analytics.TestIntegrations" name="test_delete_integration" time="0.108" /><testcase classname="backend.tests.test_user_integrations_analytics.TestAnalytics" name="test_get_analytics_overview" time="0.665" /><testcase classname="backend.tests.test_user_integrations_analytics.TestAnalytics" name="test_get_analytics_reports" time="0.116" /><testcase classname="backend.tests.test_user_integrations_analytics.TestAnalytics" name="test_get_ai_insights" time="0.124" /><testcase classname="backend.tests.test_user_integrations_analytics.TestDashboardStats" name="test_get_dashboard_stats" time="0.515" /></testsuite></testsuites>