<?xml version="1.0" encoding="utf-8"?><testsuites name="pytest tests"><testsuite name="pytest" errors="0" failures="1" skipped="0" tests="20" time="9.863" timestamp="2026-03-09T00:38:53.922147+00:00" hostname="agent-env-340c481b-8735-4748-9ded-cf2f7e89d423"><testcase classname="backend.tests.test_assessment_api.TestAssessmentEngine" name="test_01_login_as_principal" time="0.819" /><testcase classname="backend.tests.test_assessment_api.TestAssessmentEngine" name="test_02_get_assessments_list" time="0.389" /><testcase classname="backend.tests.test_assessment_api.TestAssessmentEngine" name="test_03_get_assessments_with_class_filter" time="0.416" /><testcase classname="backend.tests.test_assessment_api.TestAssessmentEngine" name="test_04_get_assessments_with_subject_filter" time="0.420" /><testcase classname="backend.tests.test_assessment_api.TestAssessmentEngine" name="test_05_get_assessments_with_type_filter" time="0.448" /><testcase classname="backend.tests.test_assessment_api.TestAssessmentEngine" name="test_06_create_assessment" time="0.437" /><testcase classname="backend.tests.test_assessment_api.TestAssessmentEngine" name="test_07_create_assessment_different_types" time="0.544" /><testcase classname="backend.tests.test_assessment_api.TestAssessmentEngine" name="test_08_get_existing_assessment" time="0.424" /><testcase classname="backend.tests.test_assessment_api.TestAssessmentEngine" name="test_09_get_students_for_grading" time="0.470" /><testcase classname="backend.tests.test_assessment_api.TestAssessmentEngine" name="test_10_create_bulk_grades" time="0.432"><failure message="AssertionError: assert ('message' in {'created': 0, 'errors': [], 'success': True, 'total_processed': 2, ...} or 'grades_created' in {'created': 0, 'errors': [], 'success': True, 'total_processed': 2, ...} or 'grades_updated' in {'created': 0, 'errors': [], 'success': True, 'total_processed': 2, ...})">backend/tests/test_assessment_api.py:197: in test_10_create_bulk_grades
    assert "message" in data or "grades_created" in data or "grades_updated" in data
E   AssertionError: assert ('message' in {'created': 0, 'errors': [], 'success': True, 'total_processed': 2, ...} or 'grades_created' in {'created': 0, 'errors': [], 'success': True, 'total_processed': 2, ...} or 'grades_updated' in {'created': 0, 'errors': [], 'success': True, 'total_processed': 2, ...})</failure></testcase><testcase classname="backend.tests.test_assessment_api.TestAssessmentEngine" name="test_11_verify_grades_persisted" time="0.442" /><testcase classname="backend.tests.test_assessment_api.TestAssessmentEngine" name="test_12_get_class_grade_overview" time="0.432" /><testcase classname="backend.tests.test_assessment_api.TestAssessmentEngine" name="test_13_get_class_overview_with_subject_filter" time="0.455" /><testcase classname="backend.tests.test_assessment_api.TestAssessmentEngine" name="test_14_get_student_grade_history" time="0.416" /><testcase classname="backend.tests.test_assessment_api.TestAssessmentEngine" name="test_15_get_student_history_with_filters" time="0.442" /><testcase classname="backend.tests.test_assessment_api.TestAssessmentEngine" name="test_16_update_assessment" time="0.573" /><testcase classname="backend.tests.test_assessment_api.TestAssessmentEngine" name="test_17_delete_assessment" time="0.518" /><testcase classname="backend.tests.test_assessment_api.TestAssessmentEngine" name="test_18_get_nonexistent_assessment" time="0.415" /><testcase classname="backend.tests.test_assessment_api.TestAssessmentEngine" name="test_19_get_students_for_nonexistent_assessment" time="0.398" /><testcase classname="backend.tests.test_assessment_api.TestAssessmentEngine" name="test_99_cleanup_test_data" time="0.780" /></testsuite></testsuites>